2022-06-15 11:23:10,592 GMJK INFO excel_util.py [159] 读取excel数据进度（%）
2022-06-15 11:24:10,165 GMJK INFO excel_util.py [159] 读取excel数据进度（%）
2022-06-15 11:24:10,176 GMJK INFO run_case.py [99] +++++++++++++++++++++++++++++++++++++++++++++++++++++++++++++++++++
2022-06-15 11:24:10,176 GMJK INFO run_case.py [100] 执行用例：test_01-token-获取管家工作台登录token
2022-06-15 11:24:10,177 GMJK INFO run_case.py [232] 前置思考时间为空
2022-06-15 11:24:10,177 GMJK INFO run_case.py [245] 前置条件为空
2022-06-15 11:24:10,177 GMJK INFO run_case.py [258] 请求URL：https://gmjk-hcm-test.nhf.cn/api/gm-health-steward-platform/healthSteward/user/wjjGmOpenToken/login
2022-06-15 11:24:10,177 GMJK INFO run_case.py [117] 请求类型：post
2022-06-15 11:24:10,177 GMJK INFO run_case.py [292] 请求头：{'Content-Type': 'application/json'}
2022-06-15 11:24:10,177 GMJK INFO run_case.py [122] 请求参数类型：json
2022-06-15 11:24:10,178 GMJK INFO run_case.py [318] 请求参数：{'loginAccount': '17081990539', 'loginKey': '123456', 'loginType': '1', 'landingSource': 7}
2022-06-15 11:24:10,916 GMJK INFO run_case.py [194] 断言类型：包含
2022-06-15 11:24:10,917 GMJK INFO run_case.py [195] 断言规则：None
2022-06-15 11:24:10,917 GMJK INFO run_case.py [196] 期望响应结果："code":"1000","message":"接口调用成功"
2022-06-15 11:24:10,917 GMJK INFO run_case.py [197] 实际响应结果：{"code":"1000","message":"接口调用成功","data":{"id":153,"accountNo":"GM20181203173317001244","healthStewardName":"肖翠翠","phoneNo":"17081990539","post":1,"remark":"","isDefaultHealthButler":1,"status":1,"onlineState":30,"updateUser":"肖翠翠","updateTime":"2022-06-14 16:18:49","roles":[{"roleCode":"HWR000000","roleName":"管理员"}],"consultationTypeConfigList":[1,2,3],"conversationState":10,"onlineStateDuration":null,"headImage":null,"textConsultCapacity":10,"token":null,"onlineStateStatisticsId":3972},"extendOne":null,"extendTwo":null,"extendThree":null,"success":true}
2022-06-15 11:24:10,917 GMJK INFO relation_extract_util.py [39] 提取响应头中token为：Bearer eyJhbGciOiJIUzUxMiJ9.eyJwaG9uZSI6IjE3MDgxOTkwNTM5IiwiZXhwVGltZSI6MjU5MjAwMDAwMCwiYWNjb3VudE5vIjoiR00yMDE4MTIwMzE3MzMxNzAwMTI0NCIsInJvbGVDb2RlIjoiSFdSMDAwMDAwIiwidGVuYW50SWQiOm51bGwsImVtcGxveWVlSWQiOm51bGwsInBsYXRUeXBlIjoiNyIsInVzZXJOYW1lIjoi6IKW57-g57-gIiwiZXhwIjoxNjU3ODU1NDUzLCJ1c2VySWQiOjE1M30.ymzzqw5DnV81y9moEV0i8kkBCB5_xT8LLoLUg9meKcDlwCc5nNmSl96UWEirvaL1lW85hKugaTiRRtI_tSATQQ
2022-06-15 11:24:10,917 GMJK INFO run_case.py [99] +++++++++++++++++++++++++++++++++++++++++++++++++++++++++++++++++++
2022-06-15 11:24:10,917 GMJK INFO run_case.py [100] 执行用例：test_02-wjj-message-system-短信发送-code1104
2022-06-15 11:24:10,917 GMJK INFO run_case.py [227] 前置思考时间为：20秒
2022-06-15 11:24:30,932 GMJK INFO run_case.py [245] 前置条件为空
2022-06-15 11:24:30,933 GMJK INFO run_case.py [263] 请求URL：https://api-test.nhf.cn/api/wjj-message-system/message/msgSmsRecord/sendSmsForNotify
2022-06-15 11:24:30,933 GMJK INFO run_case.py [117] 请求类型：post
2022-06-15 11:24:30,933 GMJK INFO run_case.py [287] 请求头：{'Content-Type': 'application/json', 'token': 'Bearer eyJhbGciOiJIUzUxMiJ9.eyJwaG9uZSI6IjE3MDgxOTkwNTM5IiwiZXhwVGltZSI6MjU5MjAwMDAwMCwiYWNjb3VudE5vIjoiR00yMDE4MTIwMzE3MzMxNzAwMTI0NCIsInJvbGVDb2RlIjoiSFdSMDAwMDAwIiwidGVuYW50SWQiOm51bGwsImVtcGxveWVlSWQiOm51bGwsInBsYXRUeXBlIjoiNyIsInVzZXJOYW1lIjoi6IKW57-g57-gIiwiZXhwIjoxNjU3ODU1NDUzLCJ1c2VySWQiOjE1M30.ymzzqw5DnV81y9moEV0i8kkBCB5_xT8LLoLUg9meKcDlwCc5nNmSl96UWEirvaL1lW85hKugaTiRRtI_tSATQQ'}
2022-06-15 11:24:30,933 GMJK INFO run_case.py [122] 请求参数类型：json
2022-06-15 11:24:30,938 GMJK INFO run_case.py [318] 请求参数：{'phoneNo': '19537630936', 'templateCode': 1104, 'extend': '测试'}
2022-06-15 11:24:31,060 GMJK INFO run_case.py [194] 断言类型：包含
2022-06-15 11:24:31,060 GMJK INFO run_case.py [195] 断言规则：None
2022-06-15 11:24:31,061 GMJK INFO run_case.py [196] 期望响应结果："code":"1000","message":"接口调用成功"
2022-06-15 11:24:31,061 GMJK INFO run_case.py [197] 实际响应结果：{"timestamp":1655263473433,"status":404,"error":"Not Found","message":"No message available","path":"/api/wjj-message-system/message/msgSmsRecord/sendSmsForNotify"}
2022-06-15 11:24:31,061 GMJK INFO run_case.py [382] 关联数据提取为空
2022-06-15 11:24:31,062 GMJK INFO run_case.py [99] +++++++++++++++++++++++++++++++++++++++++++++++++++++++++++++++++++
2022-06-15 11:24:31,062 GMJK INFO run_case.py [100] 执行用例：test_03-wjj-message-system-短信发送-code1105
2022-06-15 11:24:31,062 GMJK INFO run_case.py [105] ******跳过：run_flag为否，该条测试用例不执行！******
2022-06-15 11:24:31,062 GMJK INFO run_case.py [99] +++++++++++++++++++++++++++++++++++++++++++++++++++++++++++++++++++
2022-06-15 11:24:31,062 GMJK INFO run_case.py [100] 执行用例：test_04-wjj-message-system-短信发送-code1106
2022-06-15 11:24:31,062 GMJK INFO run_case.py [105] ******跳过：run_flag为否，该条测试用例不执行！******
2022-06-15 11:24:31,062 GMJK INFO run_case.py [99] +++++++++++++++++++++++++++++++++++++++++++++++++++++++++++++++++++
2022-06-15 11:24:31,062 GMJK INFO run_case.py [100] 执行用例：test_05-wjj-message-system-短信发送-code1107
2022-06-15 11:24:31,062 GMJK INFO run_case.py [105] ******跳过：run_flag为否，该条测试用例不执行！******
2022-06-15 11:24:31,062 GMJK INFO run_case.py [99] +++++++++++++++++++++++++++++++++++++++++++++++++++++++++++++++++++
2022-06-15 11:24:31,062 GMJK INFO run_case.py [100] 执行用例：test_06-wjj-message-system-短信发送-code1108
2022-06-15 11:24:31,063 GMJK INFO run_case.py [105] ******跳过：run_flag为否，该条测试用例不执行！******
2022-06-15 11:24:31,063 GMJK INFO run_case.py [99] +++++++++++++++++++++++++++++++++++++++++++++++++++++++++++++++++++
2022-06-15 11:24:31,063 GMJK INFO run_case.py [100] 执行用例：test_07-wjj-message-system-短信发送-code1109
2022-06-15 11:24:31,063 GMJK INFO run_case.py [105] ******跳过：run_flag为否，该条测试用例不执行！******
2022-06-15 11:24:31,063 GMJK INFO run_case.py [99] +++++++++++++++++++++++++++++++++++++++++++++++++++++++++++++++++++
2022-06-15 11:24:31,063 GMJK INFO run_case.py [100] 执行用例：test_08-wjj-message-system-短信发送-code1110
2022-06-15 11:24:31,063 GMJK INFO run_case.py [105] ******跳过：run_flag为否，该条测试用例不执行！******
2022-06-15 11:24:31,063 GMJK INFO run_case.py [99] +++++++++++++++++++++++++++++++++++++++++++++++++++++++++++++++++++
2022-06-15 11:24:31,063 GMJK INFO run_case.py [100] 执行用例：test_09-wjj-message-system-短信发送-code1111
2022-06-15 11:24:31,063 GMJK INFO run_case.py [105] ******跳过：run_flag为否，该条测试用例不执行！******
2022-06-15 11:24:31,063 GMJK INFO run_case.py [99] +++++++++++++++++++++++++++++++++++++++++++++++++++++++++++++++++++
2022-06-15 11:24:31,063 GMJK INFO run_case.py [100] 执行用例：test_10-wjj-message-system-短信发送-code1112
2022-06-15 11:24:31,063 GMJK INFO run_case.py [105] ******跳过：run_flag为否，该条测试用例不执行！******
2022-06-15 11:24:31,064 GMJK INFO run_case.py [99] +++++++++++++++++++++++++++++++++++++++++++++++++++++++++++++++++++
2022-06-15 11:24:31,064 GMJK INFO run_case.py [100] 执行用例：test_11-wjj-message-system-短信发送-code1113
2022-06-15 11:24:31,064 GMJK INFO run_case.py [105] ******跳过：run_flag为否，该条测试用例不执行！******
2022-06-15 11:24:31,064 GMJK INFO run_case.py [99] +++++++++++++++++++++++++++++++++++++++++++++++++++++++++++++++++++
2022-06-15 11:24:31,064 GMJK INFO run_case.py [100] 执行用例：test_12-wjj-message-system-短信发送-code1114
2022-06-15 11:24:31,064 GMJK INFO run_case.py [105] ******跳过：run_flag为否，该条测试用例不执行！******
2022-06-15 11:24:31,064 GMJK INFO run_case.py [99] +++++++++++++++++++++++++++++++++++++++++++++++++++++++++++++++++++
2022-06-15 11:24:31,064 GMJK INFO run_case.py [100] 执行用例：test_13-wjj-message-system-短信发送-code1115
2022-06-15 11:24:31,064 GMJK INFO run_case.py [105] ******跳过：run_flag为否，该条测试用例不执行！******
2022-06-15 11:24:31,064 GMJK INFO run_case.py [99] +++++++++++++++++++++++++++++++++++++++++++++++++++++++++++++++++++
2022-06-15 11:24:31,064 GMJK INFO run_case.py [100] 执行用例：test_14-wjj-message-system-短信发送-code1116
2022-06-15 11:24:31,064 GMJK INFO run_case.py [105] ******跳过：run_flag为否，该条测试用例不执行！******
2022-06-15 11:24:31,064 GMJK INFO run_case.py [99] +++++++++++++++++++++++++++++++++++++++++++++++++++++++++++++++++++
2022-06-15 11:24:31,065 GMJK INFO run_case.py [100] 执行用例：test_15-wjj-message-system-短信发送-code1117
2022-06-15 11:24:31,065 GMJK INFO run_case.py [105] ******跳过：run_flag为否，该条测试用例不执行！******
2022-06-15 11:24:31,065 GMJK INFO run_case.py [99] +++++++++++++++++++++++++++++++++++++++++++++++++++++++++++++++++++
2022-06-15 11:24:31,065 GMJK INFO run_case.py [100] 执行用例：test_16-wjj-message-system-短信发送-code1118
2022-06-15 11:24:31,065 GMJK INFO run_case.py [105] ******跳过：run_flag为否，该条测试用例不执行！******
2022-06-15 11:26:26,031 GMJK INFO excel_util.py [159] 读取excel数据进度（%）
2022-06-15 11:26:26,043 GMJK INFO run_case.py [99] +++++++++++++++++++++++++++++++++++++++++++++++++++++++++++++++++++
2022-06-15 11:26:26,043 GMJK INFO run_case.py [100] 执行用例：test_01-token-获取管家工作台登录token
2022-06-15 11:26:26,043 GMJK INFO run_case.py [232] 前置思考时间为空
2022-06-15 11:26:26,043 GMJK INFO run_case.py [245] 前置条件为空
2022-06-15 11:26:26,043 GMJK INFO run_case.py [258] 请求URL：https://gmjk-hcm-test.nhf.cn/api/gm-health-steward-platform/healthSteward/user/wjjGmOpenToken/login
2022-06-15 11:26:26,043 GMJK INFO run_case.py [117] 请求类型：post
2022-06-15 11:26:26,043 GMJK INFO run_case.py [292] 请求头：{'Content-Type': 'application/json'}
2022-06-15 11:26:26,043 GMJK INFO run_case.py [122] 请求参数类型：json
2022-06-15 11:26:26,043 GMJK INFO run_case.py [318] 请求参数：{'loginAccount': '17081990539', 'loginKey': '123456', 'loginType': '1', 'landingSource': 7}
2022-06-15 11:26:26,235 GMJK INFO run_case.py [194] 断言类型：包含
2022-06-15 11:26:26,235 GMJK INFO run_case.py [195] 断言规则：None
2022-06-15 11:26:26,235 GMJK INFO run_case.py [196] 期望响应结果："code":"1000","message":"接口调用成功"
2022-06-15 11:26:26,235 GMJK INFO run_case.py [197] 实际响应结果：{"code":"1000","message":"接口调用成功","data":{"id":153,"accountNo":"GM20181203173317001244","healthStewardName":"肖翠翠","phoneNo":"17081990539","post":1,"remark":"","isDefaultHealthButler":1,"status":1,"onlineState":20,"updateUser":null,"updateTime":"2022-06-15 11:24:13","roles":[{"roleCode":"HWR000000","roleName":"管理员"}],"consultationTypeConfigList":[1,2,3],"conversationState":10,"onlineStateDuration":null,"headImage":null,"textConsultCapacity":10,"token":null,"onlineStateStatisticsId":3973},"extendOne":null,"extendTwo":null,"extendThree":null,"success":true}
2022-06-15 11:26:26,235 GMJK INFO relation_extract_util.py [39] 提取响应头中token为：Bearer eyJhbGciOiJIUzUxMiJ9.eyJwaG9uZSI6IjE3MDgxOTkwNTM5IiwiZXhwVGltZSI6MjU5MjAwMDAwMCwiYWNjb3VudE5vIjoiR00yMDE4MTIwMzE3MzMxNzAwMTI0NCIsInJvbGVDb2RlIjoiSFdSMDAwMDAwIiwidGVuYW50SWQiOm51bGwsImVtcGxveWVlSWQiOm51bGwsInBsYXRUeXBlIjoiNyIsInVzZXJOYW1lIjoi6IKW57-g57-gIiwiZXhwIjoxNjU3ODU1NTg4LCJ1c2VySWQiOjE1M30.CqZxs1FRuW_ddOEhqDLa_v4GoLwh6g3YEmNco5ZSKU57WO4Kag7rZVHyo93glNk0PSWZIsR5PIdH1YzOs-zAxA
2022-06-15 11:26:26,236 GMJK INFO run_case.py [99] +++++++++++++++++++++++++++++++++++++++++++++++++++++++++++++++++++
2022-06-15 11:26:26,236 GMJK INFO run_case.py [100] 执行用例：test_02-wjj-message-system-短信发送-code1104
2022-06-15 11:26:26,236 GMJK INFO run_case.py [227] 前置思考时间为：20秒
2022-06-15 11:26:46,238 GMJK INFO run_case.py [245] 前置条件为空
2022-06-15 11:26:46,238 GMJK INFO run_case.py [263] 请求URL：https://api-test.nhf.cn/api/wjj-message-system/message/msgSmsRecord/sendSmsForNotify
2022-06-15 11:26:46,239 GMJK INFO run_case.py [117] 请求类型：post
2022-06-15 11:26:46,239 GMJK INFO run_case.py [287] 请求头：{'Content-Type': 'application/json', 'token': 'Bearer eyJhbGciOiJIUzUxMiJ9.eyJwaG9uZSI6IjE3MDgxOTkwNTM5IiwiZXhwVGltZSI6MjU5MjAwMDAwMCwiYWNjb3VudE5vIjoiR00yMDE4MTIwMzE3MzMxNzAwMTI0NCIsInJvbGVDb2RlIjoiSFdSMDAwMDAwIiwidGVuYW50SWQiOm51bGwsImVtcGxveWVlSWQiOm51bGwsInBsYXRUeXBlIjoiNyIsInVzZXJOYW1lIjoi6IKW57-g57-gIiwiZXhwIjoxNjU3ODU1NTg4LCJ1c2VySWQiOjE1M30.CqZxs1FRuW_ddOEhqDLa_v4GoLwh6g3YEmNco5ZSKU57WO4Kag7rZVHyo93glNk0PSWZIsR5PIdH1YzOs-zAxA'}
2022-06-15 11:26:46,239 GMJK INFO run_case.py [122] 请求参数类型：json
2022-06-15 11:26:46,239 GMJK INFO run_case.py [318] 请求参数：{'phoneNo': '19537630936', 'templateCode': 1104, 'extend': '测试'}
2022-06-15 11:26:46,280 GMJK INFO run_case.py [194] 断言类型：包含
2022-06-15 11:26:46,280 GMJK INFO run_case.py [195] 断言规则：None
2022-06-15 11:26:46,280 GMJK INFO run_case.py [196] 期望响应结果："code":"1000","message":"接口调用成功"
2022-06-15 11:26:46,280 GMJK INFO run_case.py [197] 实际响应结果：{"timestamp":1655263608659,"status":404,"error":"Not Found","message":"No message available","path":"/api/wjj-message-system/message/msgSmsRecord/sendSmsForNotify"}
2022-06-15 11:26:46,280 GMJK INFO run_case.py [382] 关联数据提取为空
2022-06-15 11:26:46,281 GMJK INFO run_case.py [99] +++++++++++++++++++++++++++++++++++++++++++++++++++++++++++++++++++
2022-06-15 11:26:46,282 GMJK INFO run_case.py [100] 执行用例：test_03-wjj-message-system-短信发送-code1105
2022-06-15 11:26:46,282 GMJK INFO run_case.py [105] ******跳过：run_flag为否，该条测试用例不执行！******
2022-06-15 11:26:46,282 GMJK INFO run_case.py [99] +++++++++++++++++++++++++++++++++++++++++++++++++++++++++++++++++++
2022-06-15 11:26:46,282 GMJK INFO run_case.py [100] 执行用例：test_04-wjj-message-system-短信发送-code1106
2022-06-15 11:26:46,282 GMJK INFO run_case.py [105] ******跳过：run_flag为否，该条测试用例不执行！******
2022-06-15 11:26:46,282 GMJK INFO run_case.py [99] +++++++++++++++++++++++++++++++++++++++++++++++++++++++++++++++++++
2022-06-15 11:26:46,282 GMJK INFO run_case.py [100] 执行用例：test_05-wjj-message-system-短信发送-code1107
2022-06-15 11:26:46,282 GMJK INFO run_case.py [105] ******跳过：run_flag为否，该条测试用例不执行！******
2022-06-15 11:26:46,282 GMJK INFO run_case.py [99] +++++++++++++++++++++++++++++++++++++++++++++++++++++++++++++++++++
2022-06-15 11:26:46,282 GMJK INFO run_case.py [100] 执行用例：test_06-wjj-message-system-短信发送-code1108
2022-06-15 11:26:46,282 GMJK INFO run_case.py [105] ******跳过：run_flag为否，该条测试用例不执行！******
2022-06-15 11:26:46,283 GMJK INFO run_case.py [99] +++++++++++++++++++++++++++++++++++++++++++++++++++++++++++++++++++
2022-06-15 11:26:46,283 GMJK INFO run_case.py [100] 执行用例：test_07-wjj-message-system-短信发送-code1109
2022-06-15 11:26:46,283 GMJK INFO run_case.py [105] ******跳过：run_flag为否，该条测试用例不执行！******
2022-06-15 11:26:46,283 GMJK INFO run_case.py [99] +++++++++++++++++++++++++++++++++++++++++++++++++++++++++++++++++++
2022-06-15 11:26:46,283 GMJK INFO run_case.py [100] 执行用例：test_08-wjj-message-system-短信发送-code1110
2022-06-15 11:26:46,283 GMJK INFO run_case.py [105] ******跳过：run_flag为否，该条测试用例不执行！******
2022-06-15 11:26:46,283 GMJK INFO run_case.py [99] +++++++++++++++++++++++++++++++++++++++++++++++++++++++++++++++++++
2022-06-15 11:26:46,283 GMJK INFO run_case.py [100] 执行用例：test_09-wjj-message-system-短信发送-code1111
2022-06-15 11:26:46,283 GMJK INFO run_case.py [105] ******跳过：run_flag为否，该条测试用例不执行！******
2022-06-15 11:26:46,283 GMJK INFO run_case.py [99] +++++++++++++++++++++++++++++++++++++++++++++++++++++++++++++++++++
2022-06-15 11:26:46,283 GMJK INFO run_case.py [100] 执行用例：test_10-wjj-message-system-短信发送-code1112
2022-06-15 11:26:46,283 GMJK INFO run_case.py [105] ******跳过：run_flag为否，该条测试用例不执行！******
2022-06-15 11:26:46,284 GMJK INFO run_case.py [99] +++++++++++++++++++++++++++++++++++++++++++++++++++++++++++++++++++
2022-06-15 11:26:46,284 GMJK INFO run_case.py [100] 执行用例：test_11-wjj-message-system-短信发送-code1113
2022-06-15 11:26:46,284 GMJK INFO run_case.py [105] ******跳过：run_flag为否，该条测试用例不执行！******
2022-06-15 11:26:46,284 GMJK INFO run_case.py [99] +++++++++++++++++++++++++++++++++++++++++++++++++++++++++++++++++++
2022-06-15 11:26:46,284 GMJK INFO run_case.py [100] 执行用例：test_12-wjj-message-system-短信发送-code1114
2022-06-15 11:26:46,285 GMJK INFO run_case.py [105] ******跳过：run_flag为否，该条测试用例不执行！******
2022-06-15 11:26:46,285 GMJK INFO run_case.py [99] +++++++++++++++++++++++++++++++++++++++++++++++++++++++++++++++++++
2022-06-15 11:26:46,285 GMJK INFO run_case.py [100] 执行用例：test_13-wjj-message-system-短信发送-code1115
2022-06-15 11:26:46,285 GMJK INFO run_case.py [105] ******跳过：run_flag为否，该条测试用例不执行！******
2022-06-15 11:26:46,285 GMJK INFO run_case.py [99] +++++++++++++++++++++++++++++++++++++++++++++++++++++++++++++++++++
2022-06-15 11:26:46,285 GMJK INFO run_case.py [100] 执行用例：test_14-wjj-message-system-短信发送-code1116
2022-06-15 11:26:46,285 GMJK INFO run_case.py [105] ******跳过：run_flag为否，该条测试用例不执行！******
2022-06-15 11:26:46,285 GMJK INFO run_case.py [99] +++++++++++++++++++++++++++++++++++++++++++++++++++++++++++++++++++
2022-06-15 11:26:46,285 GMJK INFO run_case.py [100] 执行用例：test_15-wjj-message-system-短信发送-code1117
2022-06-15 11:26:46,285 GMJK INFO run_case.py [105] ******跳过：run_flag为否，该条测试用例不执行！******
2022-06-15 11:26:46,285 GMJK INFO run_case.py [99] +++++++++++++++++++++++++++++++++++++++++++++++++++++++++++++++++++
2022-06-15 11:26:46,285 GMJK INFO run_case.py [100] 执行用例：test_16-wjj-message-system-短信发送-code1118
2022-06-15 11:26:46,286 GMJK INFO run_case.py [105] ******跳过：run_flag为否，该条测试用例不执行！******
2022-06-15 11:27:22,876 GMJK INFO excel_util.py [159] 读取excel数据进度（%）
2022-06-15 11:27:22,888 GMJK INFO run_case.py [99] +++++++++++++++++++++++++++++++++++++++++++++++++++++++++++++++++++
2022-06-15 11:27:22,888 GMJK INFO run_case.py [100] 执行用例：test_01-token-获取管家工作台登录token
2022-06-15 11:27:22,888 GMJK INFO run_case.py [232] 前置思考时间为空
2022-06-15 11:27:22,888 GMJK INFO run_case.py [245] 前置条件为空
2022-06-15 11:27:22,888 GMJK INFO run_case.py [258] 请求URL：https://gmjk-hcm-test.nhf.cn/api/gm-health-steward-platform/healthSteward/user/wjjGmOpenToken/login
2022-06-15 11:27:22,888 GMJK INFO run_case.py [117] 请求类型：post
2022-06-15 11:27:22,888 GMJK INFO run_case.py [292] 请求头：{'Content-Type': 'application/json'}
2022-06-15 11:27:22,889 GMJK INFO run_case.py [122] 请求参数类型：json
2022-06-15 11:27:22,889 GMJK INFO run_case.py [318] 请求参数：{'loginAccount': '17081990539', 'loginKey': '123456', 'loginType': '1', 'landingSource': 7}
2022-06-15 11:27:23,115 GMJK INFO run_case.py [194] 断言类型：包含
2022-06-15 11:27:23,115 GMJK INFO run_case.py [195] 断言规则：None
2022-06-15 11:27:23,115 GMJK INFO run_case.py [196] 期望响应结果："code":"1000","message":"接口调用成功"
2022-06-15 11:27:23,115 GMJK INFO run_case.py [197] 实际响应结果：{"code":"1000","message":"接口调用成功","data":{"id":153,"accountNo":"GM20181203173317001244","healthStewardName":"肖翠翠","phoneNo":"17081990539","post":1,"remark":"","isDefaultHealthButler":1,"status":1,"onlineState":20,"updateUser":null,"updateTime":"2022-06-15 11:26:29","roles":[{"roleCode":"HWR000000","roleName":"管理员"}],"consultationTypeConfigList":[1,2,3],"conversationState":10,"onlineStateDuration":null,"headImage":null,"textConsultCapacity":10,"token":null,"onlineStateStatisticsId":3974},"extendOne":null,"extendTwo":null,"extendThree":null,"success":true}
2022-06-15 11:27:23,116 GMJK INFO relation_extract_util.py [39] 提取响应头中token为：Bearer eyJhbGciOiJIUzUxMiJ9.eyJwaG9uZSI6IjE3MDgxOTkwNTM5IiwiZXhwVGltZSI6MjU5MjAwMDAwMCwiYWNjb3VudE5vIjoiR00yMDE4MTIwMzE3MzMxNzAwMTI0NCIsInJvbGVDb2RlIjoiSFdSMDAwMDAwIiwidGVuYW50SWQiOm51bGwsImVtcGxveWVlSWQiOm51bGwsInBsYXRUeXBlIjoiNyIsInVzZXJOYW1lIjoi6IKW57-g57-gIiwiZXhwIjoxNjU3ODU1NjQ1LCJ1c2VySWQiOjE1M30.zWIH9634P2rSnVEMGcSEVGtNHYXwZhFKJkQojrWMUCskXkxjjxUc8JYhVjOil0FVEV8OExHQKfc-Mu3331KK6g
2022-06-15 11:27:23,116 GMJK INFO run_case.py [99] +++++++++++++++++++++++++++++++++++++++++++++++++++++++++++++++++++
2022-06-15 11:27:23,116 GMJK INFO run_case.py [100] 执行用例：test_02-wjj-message-system-短信发送-code1104
2022-06-15 11:27:23,116 GMJK INFO run_case.py [227] 前置思考时间为：20秒
2022-06-15 11:27:43,118 GMJK INFO run_case.py [245] 前置条件为空
2022-06-15 11:27:43,118 GMJK INFO run_case.py [263] 请求URL：https://gmjk-hcm-uat.nhf.cn/api/wjj-message-system/message/msgSmsRecord/sendSmsForNotify
2022-06-15 11:27:43,118 GMJK INFO run_case.py [117] 请求类型：post
2022-06-15 11:27:43,118 GMJK INFO run_case.py [287] 请求头：{'Content-Type': 'application/json', 'token': 'Bearer eyJhbGciOiJIUzUxMiJ9.eyJwaG9uZSI6IjE3MDgxOTkwNTM5IiwiZXhwVGltZSI6MjU5MjAwMDAwMCwiYWNjb3VudE5vIjoiR00yMDE4MTIwMzE3MzMxNzAwMTI0NCIsInJvbGVDb2RlIjoiSFdSMDAwMDAwIiwidGVuYW50SWQiOm51bGwsImVtcGxveWVlSWQiOm51bGwsInBsYXRUeXBlIjoiNyIsInVzZXJOYW1lIjoi6IKW57-g57-gIiwiZXhwIjoxNjU3ODU1NjQ1LCJ1c2VySWQiOjE1M30.zWIH9634P2rSnVEMGcSEVGtNHYXwZhFKJkQojrWMUCskXkxjjxUc8JYhVjOil0FVEV8OExHQKfc-Mu3331KK6g'}
2022-06-15 11:27:43,118 GMJK INFO run_case.py [122] 请求参数类型：json
2022-06-15 11:27:43,119 GMJK INFO run_case.py [318] 请求参数：{'phoneNo': '19537630936', 'templateCode': 1104, 'extend': '测试'}
2022-06-15 11:27:43,385 GMJK INFO run_case.py [194] 断言类型：包含
2022-06-15 11:27:43,385 GMJK INFO run_case.py [195] 断言规则：None
2022-06-15 11:27:43,385 GMJK INFO run_case.py [196] 期望响应结果："code":"1000","message":"接口调用成功"
2022-06-15 11:27:43,385 GMJK INFO run_case.py [197] 实际响应结果：{"code":"1000","message":"接口调用成功","data":{"uniqueCode":119018},"extendOne":null,"extendTwo":null,"extendThree":null,"success":true}
2022-06-15 11:27:43,385 GMJK INFO run_case.py [382] 关联数据提取为空
2022-06-15 11:27:43,386 GMJK INFO run_case.py [99] +++++++++++++++++++++++++++++++++++++++++++++++++++++++++++++++++++
2022-06-15 11:27:43,386 GMJK INFO run_case.py [100] 执行用例：test_03-wjj-message-system-短信发送-code1105
2022-06-15 11:27:43,386 GMJK INFO run_case.py [105] ******跳过：run_flag为否，该条测试用例不执行！******
2022-06-15 11:27:43,386 GMJK INFO run_case.py [99] +++++++++++++++++++++++++++++++++++++++++++++++++++++++++++++++++++
2022-06-15 11:27:43,386 GMJK INFO run_case.py [100] 执行用例：test_04-wjj-message-system-短信发送-code1106
2022-06-15 11:27:43,386 GMJK INFO run_case.py [105] ******跳过：run_flag为否，该条测试用例不执行！******
2022-06-15 11:27:43,386 GMJK INFO run_case.py [99] +++++++++++++++++++++++++++++++++++++++++++++++++++++++++++++++++++
2022-06-15 11:27:43,386 GMJK INFO run_case.py [100] 执行用例：test_05-wjj-message-system-短信发送-code1107
2022-06-15 11:27:43,386 GMJK INFO run_case.py [105] ******跳过：run_flag为否，该条测试用例不执行！******
2022-06-15 11:27:43,386 GMJK INFO run_case.py [99] +++++++++++++++++++++++++++++++++++++++++++++++++++++++++++++++++++
2022-06-15 11:27:43,386 GMJK INFO run_case.py [100] 执行用例：test_06-wjj-message-system-短信发送-code1108
2022-06-15 11:27:43,386 GMJK INFO run_case.py [105] ******跳过：run_flag为否，该条测试用例不执行！******
2022-06-15 11:27:43,387 GMJK INFO run_case.py [99] +++++++++++++++++++++++++++++++++++++++++++++++++++++++++++++++++++
2022-06-15 11:27:43,387 GMJK INFO run_case.py [100] 执行用例：test_07-wjj-message-system-短信发送-code1109
2022-06-15 11:27:43,387 GMJK INFO run_case.py [105] ******跳过：run_flag为否，该条测试用例不执行！******
2022-06-15 11:27:43,387 GMJK INFO run_case.py [99] +++++++++++++++++++++++++++++++++++++++++++++++++++++++++++++++++++
2022-06-15 11:27:43,387 GMJK INFO run_case.py [100] 执行用例：test_08-wjj-message-system-短信发送-code1110
2022-06-15 11:27:43,387 GMJK INFO run_case.py [105] ******跳过：run_flag为否，该条测试用例不执行！******
2022-06-15 11:27:43,387 GMJK INFO run_case.py [99] +++++++++++++++++++++++++++++++++++++++++++++++++++++++++++++++++++
2022-06-15 11:27:43,387 GMJK INFO run_case.py [100] 执行用例：test_09-wjj-message-system-短信发送-code1111
2022-06-15 11:27:43,387 GMJK INFO run_case.py [105] ******跳过：run_flag为否，该条测试用例不执行！******
2022-06-15 11:27:43,387 GMJK INFO run_case.py [99] +++++++++++++++++++++++++++++++++++++++++++++++++++++++++++++++++++
2022-06-15 11:27:43,387 GMJK INFO run_case.py [100] 执行用例：test_10-wjj-message-system-短信发送-code1112
2022-06-15 11:27:43,387 GMJK INFO run_case.py [105] ******跳过：run_flag为否，该条测试用例不执行！******
2022-06-15 11:27:43,387 GMJK INFO run_case.py [99] +++++++++++++++++++++++++++++++++++++++++++++++++++++++++++++++++++
2022-06-15 11:27:43,388 GMJK INFO run_case.py [100] 执行用例：test_11-wjj-message-system-短信发送-code1113
2022-06-15 11:27:43,388 GMJK INFO run_case.py [105] ******跳过：run_flag为否，该条测试用例不执行！******
2022-06-15 11:27:43,388 GMJK INFO run_case.py [99] +++++++++++++++++++++++++++++++++++++++++++++++++++++++++++++++++++
2022-06-15 11:27:43,388 GMJK INFO run_case.py [100] 执行用例：test_12-wjj-message-system-短信发送-code1114
2022-06-15 11:27:43,388 GMJK INFO run_case.py [105] ******跳过：run_flag为否，该条测试用例不执行！******
2022-06-15 11:27:43,388 GMJK INFO run_case.py [99] +++++++++++++++++++++++++++++++++++++++++++++++++++++++++++++++++++
2022-06-15 11:27:43,388 GMJK INFO run_case.py [100] 执行用例：test_13-wjj-message-system-短信发送-code1115
2022-06-15 11:27:43,388 GMJK INFO run_case.py [105] ******跳过：run_flag为否，该条测试用例不执行！******
2022-06-15 11:27:43,388 GMJK INFO run_case.py [99] +++++++++++++++++++++++++++++++++++++++++++++++++++++++++++++++++++
2022-06-15 11:27:43,388 GMJK INFO run_case.py [100] 执行用例：test_14-wjj-message-system-短信发送-code1116
2022-06-15 11:27:43,388 GMJK INFO run_case.py [105] ******跳过：run_flag为否，该条测试用例不执行！******
2022-06-15 11:27:43,388 GMJK INFO run_case.py [99] +++++++++++++++++++++++++++++++++++++++++++++++++++++++++++++++++++
2022-06-15 11:27:43,388 GMJK INFO run_case.py [100] 执行用例：test_15-wjj-message-system-短信发送-code1117
2022-06-15 11:27:43,388 GMJK INFO run_case.py [105] ******跳过：run_flag为否，该条测试用例不执行！******
2022-06-15 11:27:43,389 GMJK INFO run_case.py [99] +++++++++++++++++++++++++++++++++++++++++++++++++++++++++++++++++++
2022-06-15 11:27:43,389 GMJK INFO run_case.py [100] 执行用例：test_16-wjj-message-system-短信发送-code1118
2022-06-15 11:27:43,389 GMJK INFO run_case.py [105] ******跳过：run_flag为否，该条测试用例不执行！******
2022-06-15 11:34:16,683 GMJK INFO excel_util.py [159] 读取excel数据进度（%）
2022-06-15 11:34:16,699 GMJK INFO run_case.py [99] +++++++++++++++++++++++++++++++++++++++++++++++++++++++++++++++++++
2022-06-15 11:34:16,699 GMJK INFO run_case.py [100] 执行用例：test_01-token-获取管家工作台登录token
2022-06-15 11:34:16,699 GMJK INFO run_case.py [232] 前置思考时间为空
2022-06-15 11:34:16,699 GMJK INFO run_case.py [245] 前置条件为空
2022-06-15 11:34:16,699 GMJK INFO run_case.py [258] 请求URL：https://gmjk-hcm-test.nhf.cn/api/gm-health-steward-platform/healthSteward/user/wjjGmOpenToken/login
2022-06-15 11:34:16,699 GMJK INFO run_case.py [117] 请求类型：post
2022-06-15 11:34:16,699 GMJK INFO run_case.py [292] 请求头：{'Content-Type': 'application/json'}
2022-06-15 11:34:16,699 GMJK INFO run_case.py [122] 请求参数类型：json
2022-06-15 11:34:16,699 GMJK INFO run_case.py [318] 请求参数：{'loginAccount': '17081990539', 'loginKey': '123456', 'loginType': '1', 'landingSource': 7}
2022-06-15 11:34:17,325 GMJK INFO run_case.py [194] 断言类型：包含
2022-06-15 11:34:17,325 GMJK INFO run_case.py [195] 断言规则：None
2022-06-15 11:34:17,325 GMJK INFO run_case.py [196] 期望响应结果："code":"1000","message":"接口调用成功"
2022-06-15 11:34:17,325 GMJK INFO run_case.py [197] 实际响应结果：{"code":"1000","message":"接口调用成功","data":{"id":153,"accountNo":"GM20181203173317001244","healthStewardName":"肖翠翠","phoneNo":"17081990539","post":1,"remark":"","isDefaultHealthButler":1,"status":1,"onlineState":20,"updateUser":null,"updateTime":"2022-06-15 11:27:25","roles":[{"roleCode":"HWR000000","roleName":"管理员"}],"consultationTypeConfigList":[1,2,3],"conversationState":10,"onlineStateDuration":null,"headImage":null,"textConsultCapacity":10,"token":null,"onlineStateStatisticsId":3975},"extendOne":null,"extendTwo":null,"extendThree":null,"success":true}
2022-06-15 11:34:17,325 GMJK INFO relation_extract_util.py [39] 提取响应头中token为：Bearer eyJhbGciOiJIUzUxMiJ9.eyJwaG9uZSI6IjE3MDgxOTkwNTM5IiwiZXhwVGltZSI6MjU5MjAwMDAwMCwiYWNjb3VudE5vIjoiR00yMDE4MTIwMzE3MzMxNzAwMTI0NCIsInJvbGVDb2RlIjoiSFdSMDAwMDAwIiwidGVuYW50SWQiOm51bGwsImVtcGxveWVlSWQiOm51bGwsInBsYXRUeXBlIjoiNyIsInVzZXJOYW1lIjoi6IKW57-g57-gIiwiZXhwIjoxNjU3ODU2MDU5LCJ1c2VySWQiOjE1M30.KImqpUSBR5vHhZYPObrgzVrIemA7bEGNucCLVbm3nwSKJEV7HWO0HVgmUqnmJc06kYVe9CkIvlJVegRcZmS7Wg
2022-06-15 11:34:17,325 GMJK INFO run_case.py [99] +++++++++++++++++++++++++++++++++++++++++++++++++++++++++++++++++++
2022-06-15 11:34:17,325 GMJK INFO run_case.py [100] 执行用例：test_02-wjj-message-system-短信发送-code1104
2022-06-15 11:34:17,326 GMJK INFO run_case.py [227] 前置思考时间为：20秒
2022-06-15 11:34:37,327 GMJK INFO run_case.py [245] 前置条件为空
2022-06-15 11:34:37,328 GMJK INFO run_case.py [263] 请求URL：https://gmjk-hcm-uat.nhf.cn/api/wjj-message-system/message/msgSmsRecord/sendSmsForNotify
2022-06-15 11:34:37,328 GMJK INFO run_case.py [117] 请求类型：post
2022-06-15 11:34:37,328 GMJK INFO run_case.py [287] 请求头：{'Content-Type': 'application/json', 'token': 'Bearer eyJhbGciOiJIUzUxMiJ9.eyJwaG9uZSI6IjE3MDgxOTkwNTM5IiwiZXhwVGltZSI6MjU5MjAwMDAwMCwiYWNjb3VudE5vIjoiR00yMDE4MTIwMzE3MzMxNzAwMTI0NCIsInJvbGVDb2RlIjoiSFdSMDAwMDAwIiwidGVuYW50SWQiOm51bGwsImVtcGxveWVlSWQiOm51bGwsInBsYXRUeXBlIjoiNyIsInVzZXJOYW1lIjoi6IKW57-g57-gIiwiZXhwIjoxNjU3ODU2MDU5LCJ1c2VySWQiOjE1M30.KImqpUSBR5vHhZYPObrgzVrIemA7bEGNucCLVbm3nwSKJEV7HWO0HVgmUqnmJc06kYVe9CkIvlJVegRcZmS7Wg'}
2022-06-15 11:34:37,328 GMJK INFO run_case.py [122] 请求参数类型：json
2022-06-15 11:34:37,329 GMJK INFO run_case.py [318] 请求参数：{'phoneNo': '19537630936', 'templateCode': 1104, 'extend': '测试'}
2022-06-15 11:34:37,606 GMJK INFO run_case.py [194] 断言类型：包含
2022-06-15 11:34:37,606 GMJK INFO run_case.py [195] 断言规则：None
2022-06-15 11:34:37,606 GMJK INFO run_case.py [196] 期望响应结果："code":"1000","message":"接口调用成功"
2022-06-15 11:34:37,606 GMJK INFO run_case.py [197] 实际响应结果：{"code":"1000","message":"接口调用成功","data":{"uniqueCode":119019},"extendOne":null,"extendTwo":null,"extendThree":null,"success":true}
2022-06-15 11:34:37,607 GMJK INFO run_case.py [382] 关联数据提取为空
2022-06-15 11:34:37,607 GMJK INFO run_case.py [99] +++++++++++++++++++++++++++++++++++++++++++++++++++++++++++++++++++
2022-06-15 11:34:37,607 GMJK INFO run_case.py [100] 执行用例：test_03-wjj-message-system-短信发送-code1105
2022-06-15 11:34:37,607 GMJK INFO run_case.py [105] ******跳过：run_flag为否，该条测试用例不执行！******
2022-06-15 11:34:37,607 GMJK INFO run_case.py [99] +++++++++++++++++++++++++++++++++++++++++++++++++++++++++++++++++++
2022-06-15 11:34:37,607 GMJK INFO run_case.py [100] 执行用例：test_04-wjj-message-system-短信发送-code1106
2022-06-15 11:34:37,607 GMJK INFO run_case.py [105] ******跳过：run_flag为否，该条测试用例不执行！******
2022-06-15 11:34:37,607 GMJK INFO run_case.py [99] +++++++++++++++++++++++++++++++++++++++++++++++++++++++++++++++++++
2022-06-15 11:34:37,607 GMJK INFO run_case.py [100] 执行用例：test_05-wjj-message-system-短信发送-code1107
2022-06-15 11:34:37,607 GMJK INFO run_case.py [105] ******跳过：run_flag为否，该条测试用例不执行！******
2022-06-15 11:34:37,608 GMJK INFO run_case.py [99] +++++++++++++++++++++++++++++++++++++++++++++++++++++++++++++++++++
2022-06-15 11:34:37,608 GMJK INFO run_case.py [100] 执行用例：test_06-wjj-message-system-短信发送-code1108
2022-06-15 11:34:37,608 GMJK INFO run_case.py [105] ******跳过：run_flag为否，该条测试用例不执行！******
2022-06-15 11:34:37,608 GMJK INFO run_case.py [99] +++++++++++++++++++++++++++++++++++++++++++++++++++++++++++++++++++
2022-06-15 11:34:37,608 GMJK INFO run_case.py [100] 执行用例：test_07-wjj-message-system-短信发送-code1109
2022-06-15 11:34:37,608 GMJK INFO run_case.py [105] ******跳过：run_flag为否，该条测试用例不执行！******
2022-06-15 11:34:37,608 GMJK INFO run_case.py [99] +++++++++++++++++++++++++++++++++++++++++++++++++++++++++++++++++++
2022-06-15 11:34:37,608 GMJK INFO run_case.py [100] 执行用例：test_08-wjj-message-system-短信发送-code1110
2022-06-15 11:34:37,608 GMJK INFO run_case.py [105] ******跳过：run_flag为否，该条测试用例不执行！******
2022-06-15 11:34:37,608 GMJK INFO run_case.py [99] +++++++++++++++++++++++++++++++++++++++++++++++++++++++++++++++++++
2022-06-15 11:34:37,609 GMJK INFO run_case.py [100] 执行用例：test_09-wjj-message-system-短信发送-code1111
2022-06-15 11:34:37,609 GMJK INFO run_case.py [105] ******跳过：run_flag为否，该条测试用例不执行！******
2022-06-15 11:34:37,609 GMJK INFO run_case.py [99] +++++++++++++++++++++++++++++++++++++++++++++++++++++++++++++++++++
2022-06-15 11:34:37,609 GMJK INFO run_case.py [100] 执行用例：test_10-wjj-message-system-短信发送-code1112
2022-06-15 11:34:37,609 GMJK INFO run_case.py [105] ******跳过：run_flag为否，该条测试用例不执行！******
2022-06-15 11:34:37,609 GMJK INFO run_case.py [99] +++++++++++++++++++++++++++++++++++++++++++++++++++++++++++++++++++
2022-06-15 11:34:37,609 GMJK INFO run_case.py [100] 执行用例：test_11-wjj-message-system-短信发送-code1113
2022-06-15 11:34:37,609 GMJK INFO run_case.py [105] ******跳过：run_flag为否，该条测试用例不执行！******
2022-06-15 11:34:37,609 GMJK INFO run_case.py [99] +++++++++++++++++++++++++++++++++++++++++++++++++++++++++++++++++++
2022-06-15 11:34:37,609 GMJK INFO run_case.py [100] 执行用例：test_12-wjj-message-system-短信发送-code1114
2022-06-15 11:34:37,609 GMJK INFO run_case.py [105] ******跳过：run_flag为否，该条测试用例不执行！******
2022-06-15 11:34:37,610 GMJK INFO run_case.py [99] +++++++++++++++++++++++++++++++++++++++++++++++++++++++++++++++++++
2022-06-15 11:34:37,610 GMJK INFO run_case.py [100] 执行用例：test_13-wjj-message-system-短信发送-code1115
2022-06-15 11:34:37,610 GMJK INFO run_case.py [105] ******跳过：run_flag为否，该条测试用例不执行！******
2022-06-15 11:34:37,610 GMJK INFO run_case.py [99] +++++++++++++++++++++++++++++++++++++++++++++++++++++++++++++++++++
2022-06-15 11:34:37,610 GMJK INFO run_case.py [100] 执行用例：test_14-wjj-message-system-短信发送-code1116
2022-06-15 11:34:37,610 GMJK INFO run_case.py [105] ******跳过：run_flag为否，该条测试用例不执行！******
2022-06-15 11:34:37,610 GMJK INFO run_case.py [99] +++++++++++++++++++++++++++++++++++++++++++++++++++++++++++++++++++
2022-06-15 11:34:37,610 GMJK INFO run_case.py [100] 执行用例：test_15-wjj-message-system-短信发送-code1117
2022-06-15 11:34:37,610 GMJK INFO run_case.py [105] ******跳过：run_flag为否，该条测试用例不执行！******
2022-06-15 11:34:37,610 GMJK INFO run_case.py [99] +++++++++++++++++++++++++++++++++++++++++++++++++++++++++++++++++++
2022-06-15 11:34:37,610 GMJK INFO run_case.py [100] 执行用例：test_16-wjj-message-system-短信发送-code1118
2022-06-15 11:34:37,611 GMJK INFO run_case.py [105] ******跳过：run_flag为否，该条测试用例不执行！******
2022-06-15 11:46:18,598 GMJK INFO excel_util.py [159] 读取excel数据进度（%）
2022-06-15 11:46:18,609 GMJK INFO run_case.py [97] +++++++++++++++++++++++++++++++++++++++++++++++++++++++++++++++++++
2022-06-15 11:46:18,609 GMJK INFO run_case.py [98] 执行用例：test_01-token-获取管家工作台登录token
2022-06-15 11:46:18,609 GMJK INFO run_case.py [169] 前置思考时间为空
2022-06-15 11:46:18,609 GMJK INFO run_case.py [182] 前置条件为空
2022-06-15 11:46:18,610 GMJK INFO run_case.py [195] 请求URL：https://gmjk-hcm-test.nhf.cn/api/gm-health-steward-platform/healthSteward/user/wjjGmOpenToken/login
2022-06-15 11:46:18,610 GMJK INFO run_case.py [115] 请求类型：post
2022-06-15 11:46:18,610 GMJK INFO run_case.py [229] 请求头：{'Content-Type': 'application/json'}
2022-06-15 11:46:18,610 GMJK INFO run_case.py [120] 请求参数类型：json
2022-06-15 11:46:18,610 GMJK INFO run_case.py [255] 请求参数：{'loginAccount': '17081990539', 'loginKey': '123456', 'loginType': '1', 'landingSource': 7}
2022-06-15 11:46:18,810 GMJK INFO run_case.py [138] 断言类型：包含
2022-06-15 11:46:18,810 GMJK INFO run_case.py [139] 断言规则：None
2022-06-15 11:46:18,810 GMJK INFO run_case.py [140] 期望响应结果："code":"1000","message":"接口调用成功"
2022-06-15 11:46:18,810 GMJK INFO run_case.py [141] 实际响应结果：{"code":"1000","message":"接口调用成功","data":{"id":153,"accountNo":"GM20181203173317001244","healthStewardName":"肖翠翠","phoneNo":"17081990539","post":1,"remark":"","isDefaultHealthButler":1,"status":1,"onlineState":20,"updateUser":null,"updateTime":"2022-06-15 11:34:20","roles":[{"roleCode":"HWR000000","roleName":"管理员"}],"consultationTypeConfigList":[1,2,3],"conversationState":10,"onlineStateDuration":null,"headImage":null,"textConsultCapacity":10,"token":null,"onlineStateStatisticsId":3980},"extendOne":null,"extendTwo":null,"extendThree":null,"success":true}
2022-06-15 11:46:18,811 GMJK INFO relation_extract_util.py [39] 提取响应头中token为：Bearer eyJhbGciOiJIUzUxMiJ9.eyJwaG9uZSI6IjE3MDgxOTkwNTM5IiwiZXhwVGltZSI6MjU5MjAwMDAwMCwiYWNjb3VudE5vIjoiR00yMDE4MTIwMzE3MzMxNzAwMTI0NCIsInJvbGVDb2RlIjoiSFdSMDAwMDAwIiwidGVuYW50SWQiOm51bGwsImVtcGxveWVlSWQiOm51bGwsInBsYXRUeXBlIjoiNyIsInVzZXJOYW1lIjoi6IKW57-g57-gIiwiZXhwIjoxNjU3ODU2NzgxLCJ1c2VySWQiOjE1M30.Nv3-gggRj48xYXfAkRwROsR0m6Cu7DihYPD7HMDOVaqPqP-6WuCU9jTBdX-1Tp6YIhsoxunmObfFVg_IaSyxKQ
2022-06-15 11:46:18,811 GMJK INFO run_case.py [97] +++++++++++++++++++++++++++++++++++++++++++++++++++++++++++++++++++
2022-06-15 11:46:18,811 GMJK INFO run_case.py [98] 执行用例：test_02-wjj-message-system-短信发送-code1104
2022-06-15 11:46:18,811 GMJK INFO run_case.py [164] 前置思考时间为：20秒
2022-06-15 11:46:38,813 GMJK INFO run_case.py [182] 前置条件为空
2022-06-15 11:46:38,813 GMJK INFO run_case.py [200] 请求URL：https://gmjk-hcm-uat.nhf.cn/api/wjj-message-system/message/msgSmsRecord/sendSmsForNotify
2022-06-15 11:46:38,813 GMJK INFO run_case.py [115] 请求类型：post
2022-06-15 11:46:38,813 GMJK INFO run_case.py [224] 请求头：{'Content-Type': 'application/json', 'token': 'Bearer eyJhbGciOiJIUzUxMiJ9.eyJwaG9uZSI6IjE3MDgxOTkwNTM5IiwiZXhwVGltZSI6MjU5MjAwMDAwMCwiYWNjb3VudE5vIjoiR00yMDE4MTIwMzE3MzMxNzAwMTI0NCIsInJvbGVDb2RlIjoiSFdSMDAwMDAwIiwidGVuYW50SWQiOm51bGwsImVtcGxveWVlSWQiOm51bGwsInBsYXRUeXBlIjoiNyIsInVzZXJOYW1lIjoi6IKW57-g57-gIiwiZXhwIjoxNjU3ODU2NzgxLCJ1c2VySWQiOjE1M30.Nv3-gggRj48xYXfAkRwROsR0m6Cu7DihYPD7HMDOVaqPqP-6WuCU9jTBdX-1Tp6YIhsoxunmObfFVg_IaSyxKQ'}
2022-06-15 11:46:38,813 GMJK INFO run_case.py [120] 请求参数类型：json
2022-06-15 11:46:38,814 GMJK INFO run_case.py [255] 请求参数：{'phoneNo': '19537630936', 'templateCode': 1104, 'extend': '测试'}
2022-06-15 11:46:39,060 GMJK INFO run_case.py [138] 断言类型：包含
2022-06-15 11:46:39,061 GMJK INFO run_case.py [139] 断言规则：None
2022-06-15 11:46:39,061 GMJK INFO run_case.py [140] 期望响应结果："code":"1000","message":"接口调用成功"
2022-06-15 11:46:39,061 GMJK INFO run_case.py [141] 实际响应结果：{"code":"1000","message":"接口调用成功","data":{"uniqueCode":119021},"extendOne":null,"extendTwo":null,"extendThree":null,"success":true}
2022-06-15 11:46:39,061 GMJK INFO run_case.py [319] 关联数据提取为空
2022-06-15 11:46:39,061 GMJK INFO run_case.py [97] +++++++++++++++++++++++++++++++++++++++++++++++++++++++++++++++++++
2022-06-15 11:46:39,061 GMJK INFO run_case.py [98] 执行用例：test_03-wjj-message-system-短信发送-code1105
2022-06-15 11:46:39,061 GMJK INFO run_case.py [103] ******跳过：run_flag为否，该条测试用例不执行！******
2022-06-15 11:46:39,061 GMJK INFO run_case.py [97] +++++++++++++++++++++++++++++++++++++++++++++++++++++++++++++++++++
2022-06-15 11:46:39,061 GMJK INFO run_case.py [98] 执行用例：test_04-wjj-message-system-短信发送-code1106
2022-06-15 11:46:39,061 GMJK INFO run_case.py [103] ******跳过：run_flag为否，该条测试用例不执行！******
2022-06-15 11:46:39,062 GMJK INFO run_case.py [97] +++++++++++++++++++++++++++++++++++++++++++++++++++++++++++++++++++
2022-06-15 11:46:39,062 GMJK INFO run_case.py [98] 执行用例：test_05-wjj-message-system-短信发送-code1107
2022-06-15 11:46:39,062 GMJK INFO run_case.py [103] ******跳过：run_flag为否，该条测试用例不执行！******
2022-06-15 11:46:39,062 GMJK INFO run_case.py [97] +++++++++++++++++++++++++++++++++++++++++++++++++++++++++++++++++++
2022-06-15 11:46:39,062 GMJK INFO run_case.py [98] 执行用例：test_06-wjj-message-system-短信发送-code1108
2022-06-15 11:46:39,062 GMJK INFO run_case.py [103] ******跳过：run_flag为否，该条测试用例不执行！******
2022-06-15 11:46:39,062 GMJK INFO run_case.py [97] +++++++++++++++++++++++++++++++++++++++++++++++++++++++++++++++++++
2022-06-15 11:46:39,062 GMJK INFO run_case.py [98] 执行用例：test_07-wjj-message-system-短信发送-code1109
2022-06-15 11:46:39,062 GMJK INFO run_case.py [103] ******跳过：run_flag为否，该条测试用例不执行！******
2022-06-15 11:46:39,062 GMJK INFO run_case.py [97] +++++++++++++++++++++++++++++++++++++++++++++++++++++++++++++++++++
2022-06-15 11:46:39,062 GMJK INFO run_case.py [98] 执行用例：test_08-wjj-message-system-短信发送-code1110
2022-06-15 11:46:39,062 GMJK INFO run_case.py [103] ******跳过：run_flag为否，该条测试用例不执行！******
2022-06-15 11:46:39,063 GMJK INFO run_case.py [97] +++++++++++++++++++++++++++++++++++++++++++++++++++++++++++++++++++
2022-06-15 11:46:39,063 GMJK INFO run_case.py [98] 执行用例：test_09-wjj-message-system-短信发送-code1111
2022-06-15 11:46:39,063 GMJK INFO run_case.py [103] ******跳过：run_flag为否，该条测试用例不执行！******
2022-06-15 11:46:39,063 GMJK INFO run_case.py [97] +++++++++++++++++++++++++++++++++++++++++++++++++++++++++++++++++++
2022-06-15 11:46:39,063 GMJK INFO run_case.py [98] 执行用例：test_10-wjj-message-system-短信发送-code1112
2022-06-15 11:46:39,063 GMJK INFO run_case.py [103] ******跳过：run_flag为否，该条测试用例不执行！******
2022-06-15 11:46:39,063 GMJK INFO run_case.py [97] +++++++++++++++++++++++++++++++++++++++++++++++++++++++++++++++++++
2022-06-15 11:46:39,063 GMJK INFO run_case.py [98] 执行用例：test_11-wjj-message-system-短信发送-code1113
2022-06-15 11:46:39,063 GMJK INFO run_case.py [103] ******跳过：run_flag为否，该条测试用例不执行！******
2022-06-15 11:46:39,063 GMJK INFO run_case.py [97] +++++++++++++++++++++++++++++++++++++++++++++++++++++++++++++++++++
2022-06-15 11:46:39,064 GMJK INFO run_case.py [98] 执行用例：test_12-wjj-message-system-短信发送-code1114
2022-06-15 11:46:39,064 GMJK INFO run_case.py [103] ******跳过：run_flag为否，该条测试用例不执行！******
2022-06-15 11:46:39,064 GMJK INFO run_case.py [97] +++++++++++++++++++++++++++++++++++++++++++++++++++++++++++++++++++
2022-06-15 11:46:39,064 GMJK INFO run_case.py [98] 执行用例：test_13-wjj-message-system-短信发送-code1115
2022-06-15 11:46:39,064 GMJK INFO run_case.py [103] ******跳过：run_flag为否，该条测试用例不执行！******
2022-06-15 11:46:39,064 GMJK INFO run_case.py [97] +++++++++++++++++++++++++++++++++++++++++++++++++++++++++++++++++++
2022-06-15 11:46:39,064 GMJK INFO run_case.py [98] 执行用例：test_14-wjj-message-system-短信发送-code1116
2022-06-15 11:46:39,064 GMJK INFO run_case.py [103] ******跳过：run_flag为否，该条测试用例不执行！******
2022-06-15 11:46:39,064 GMJK INFO run_case.py [97] +++++++++++++++++++++++++++++++++++++++++++++++++++++++++++++++++++
2022-06-15 11:46:39,064 GMJK INFO run_case.py [98] 执行用例：test_15-wjj-message-system-短信发送-code1117
2022-06-15 11:46:39,064 GMJK INFO run_case.py [103] ******跳过：run_flag为否，该条测试用例不执行！******
2022-06-15 11:46:39,064 GMJK INFO run_case.py [97] +++++++++++++++++++++++++++++++++++++++++++++++++++++++++++++++++++
2022-06-15 11:46:39,064 GMJK INFO run_case.py [98] 执行用例：test_16-wjj-message-system-短信发送-code1118
2022-06-15 11:46:39,064 GMJK INFO run_case.py [103] ******跳过：run_flag为否，该条测试用例不执行！******
2022-06-15 11:49:10,781 GMJK INFO excel_util.py [159] 读取excel数据进度（%）
2022-06-15 11:49:10,820 GMJK INFO run_case.py [97] +++++++++++++++++++++++++++++++++++++++++++++++++++++++++++++++++++
2022-06-15 11:49:10,820 GMJK INFO run_case.py [98] 执行用例：test_01-token-获取管家工作台登录token
2022-06-15 11:49:10,821 GMJK INFO run_case.py [169] 前置思考时间为空
2022-06-15 11:49:10,821 GMJK INFO run_case.py [182] 前置条件为空
2022-06-15 11:49:10,821 GMJK INFO run_case.py [195] 请求URL：https://gmjk-hcm-test.nhf.cn/api/gm-health-steward-platform/healthSteward/user/wjjGmOpenToken/login
2022-06-15 11:49:10,821 GMJK INFO run_case.py [115] 请求类型：post
2022-06-15 11:49:10,821 GMJK INFO run_case.py [229] 请求头：{'Content-Type': 'application/json'}
2022-06-15 11:49:10,821 GMJK INFO run_case.py [120] 请求参数类型：json
2022-06-15 11:49:10,821 GMJK INFO run_case.py [255] 请求参数：{'loginAccount': '17081990539', 'loginKey': '123456', 'loginType': '1', 'landingSource': 7}
2022-06-15 11:49:11,324 GMJK INFO run_case.py [138] 断言类型：包含
2022-06-15 11:49:11,324 GMJK INFO run_case.py [139] 断言规则：None
2022-06-15 11:49:11,324 GMJK INFO run_case.py [140] 期望响应结果："code":"1000","message":"接口调用成功"
2022-06-15 11:49:11,324 GMJK INFO run_case.py [141] 实际响应结果：{"code":"1000","message":"接口调用成功","data":{"id":153,"accountNo":"GM20181203173317001244","healthStewardName":"肖翠翠","phoneNo":"17081990539","post":1,"remark":"","isDefaultHealthButler":1,"status":1,"onlineState":20,"updateUser":null,"updateTime":"2022-06-15 11:46:21","roles":[{"roleCode":"HWR000000","roleName":"管理员"}],"consultationTypeConfigList":[1,2,3],"conversationState":10,"onlineStateDuration":null,"headImage":null,"textConsultCapacity":10,"token":null,"onlineStateStatisticsId":3981},"extendOne":null,"extendTwo":null,"extendThree":null,"success":true}
2022-06-15 11:49:11,325 GMJK INFO relation_extract_util.py [39] 提取响应头中token为：Bearer eyJhbGciOiJIUzUxMiJ9.eyJwaG9uZSI6IjE3MDgxOTkwNTM5IiwiZXhwVGltZSI6MjU5MjAwMDAwMCwiYWNjb3VudE5vIjoiR00yMDE4MTIwMzE3MzMxNzAwMTI0NCIsInJvbGVDb2RlIjoiSFdSMDAwMDAwIiwidGVuYW50SWQiOm51bGwsImVtcGxveWVlSWQiOm51bGwsInBsYXRUeXBlIjoiNyIsInVzZXJOYW1lIjoi6IKW57-g57-gIiwiZXhwIjoxNjU3ODU2OTUzLCJ1c2VySWQiOjE1M30.LINe-z81oaIM5vMPCjAKjwwe5NFznz4eYXeN0KDqohtjVu-GKsc9pXWvbspygjvtq9YupaIImfl0CnfGQIwXkw
2022-06-15 11:49:11,353 GMJK INFO run_case.py [97] +++++++++++++++++++++++++++++++++++++++++++++++++++++++++++++++++++
2022-06-15 11:49:11,353 GMJK INFO run_case.py [98] 执行用例：test_02-wjj-message-system-短信发送-code1104
2022-06-15 11:49:11,354 GMJK INFO run_case.py [164] 前置思考时间为：20秒
2022-06-15 11:49:31,354 GMJK INFO run_case.py [182] 前置条件为空
2022-06-15 11:49:31,355 GMJK INFO run_case.py [200] 请求URL：https://gmjk-hcm-uat.nhf.cn/api/wjj-message-system/message/msgSmsRecord/sendSmsForNotify
2022-06-15 11:49:31,355 GMJK INFO run_case.py [115] 请求类型：post
2022-06-15 11:49:31,355 GMJK INFO run_case.py [224] 请求头：{'Content-Type': 'application/json', 'token': 'Bearer eyJhbGciOiJIUzUxMiJ9.eyJwaG9uZSI6IjE3MDgxOTkwNTM5IiwiZXhwVGltZSI6MjU5MjAwMDAwMCwiYWNjb3VudE5vIjoiR00yMDE4MTIwMzE3MzMxNzAwMTI0NCIsInJvbGVDb2RlIjoiSFdSMDAwMDAwIiwidGVuYW50SWQiOm51bGwsImVtcGxveWVlSWQiOm51bGwsInBsYXRUeXBlIjoiNyIsInVzZXJOYW1lIjoi6IKW57-g57-gIiwiZXhwIjoxNjU3ODU2OTUzLCJ1c2VySWQiOjE1M30.LINe-z81oaIM5vMPCjAKjwwe5NFznz4eYXeN0KDqohtjVu-GKsc9pXWvbspygjvtq9YupaIImfl0CnfGQIwXkw'}
2022-06-15 11:49:31,355 GMJK INFO run_case.py [120] 请求参数类型：json
2022-06-15 11:49:31,355 GMJK INFO run_case.py [255] 请求参数：{'phoneNo': '19537630936', 'templateCode': 1104, 'extend': '测试'}
2022-06-15 11:49:32,104 GMJK INFO run_case.py [138] 断言类型：包含
2022-06-15 11:49:32,104 GMJK INFO run_case.py [139] 断言规则：None
2022-06-15 11:49:32,104 GMJK INFO run_case.py [140] 期望响应结果："code":"1000","message":"接口调用成功"
2022-06-15 11:49:32,104 GMJK INFO run_case.py [141] 实际响应结果：{"code":"1000","message":"接口调用成功","data":{"uniqueCode":119022},"extendOne":null,"extendTwo":null,"extendThree":null,"success":true}
2022-06-15 11:49:32,105 GMJK INFO run_case.py [319] 关联数据提取为空
2022-06-15 11:49:32,133 GMJK INFO run_case.py [97] +++++++++++++++++++++++++++++++++++++++++++++++++++++++++++++++++++
2022-06-15 11:49:32,133 GMJK INFO run_case.py [98] 执行用例：test_03-wjj-message-system-短信发送-code1105
2022-06-15 11:49:32,133 GMJK INFO run_case.py [103] ******跳过：run_flag为否，该条测试用例不执行！******
2022-06-15 11:49:32,162 GMJK INFO run_case.py [97] +++++++++++++++++++++++++++++++++++++++++++++++++++++++++++++++++++
2022-06-15 11:49:32,162 GMJK INFO run_case.py [98] 执行用例：test_04-wjj-message-system-短信发送-code1106
2022-06-15 11:49:32,162 GMJK INFO run_case.py [103] ******跳过：run_flag为否，该条测试用例不执行！******
2022-06-15 11:49:32,193 GMJK INFO run_case.py [97] +++++++++++++++++++++++++++++++++++++++++++++++++++++++++++++++++++
2022-06-15 11:49:32,193 GMJK INFO run_case.py [98] 执行用例：test_05-wjj-message-system-短信发送-code1107
2022-06-15 11:49:32,193 GMJK INFO run_case.py [103] ******跳过：run_flag为否，该条测试用例不执行！******
2022-06-15 11:49:32,223 GMJK INFO run_case.py [97] +++++++++++++++++++++++++++++++++++++++++++++++++++++++++++++++++++
2022-06-15 11:49:32,223 GMJK INFO run_case.py [98] 执行用例：test_06-wjj-message-system-短信发送-code1108
2022-06-15 11:49:32,223 GMJK INFO run_case.py [103] ******跳过：run_flag为否，该条测试用例不执行！******
2022-06-15 11:49:32,252 GMJK INFO run_case.py [97] +++++++++++++++++++++++++++++++++++++++++++++++++++++++++++++++++++
2022-06-15 11:49:32,252 GMJK INFO run_case.py [98] 执行用例：test_07-wjj-message-system-短信发送-code1109
2022-06-15 11:49:32,252 GMJK INFO run_case.py [103] ******跳过：run_flag为否，该条测试用例不执行！******
2022-06-15 11:49:32,281 GMJK INFO run_case.py [97] +++++++++++++++++++++++++++++++++++++++++++++++++++++++++++++++++++
2022-06-15 11:49:32,281 GMJK INFO run_case.py [98] 执行用例：test_08-wjj-message-system-短信发送-code1110
2022-06-15 11:49:32,281 GMJK INFO run_case.py [103] ******跳过：run_flag为否，该条测试用例不执行！******
2022-06-15 11:49:32,332 GMJK INFO run_case.py [97] +++++++++++++++++++++++++++++++++++++++++++++++++++++++++++++++++++
2022-06-15 11:49:32,332 GMJK INFO run_case.py [98] 执行用例：test_09-wjj-message-system-短信发送-code1111
2022-06-15 11:49:32,332 GMJK INFO run_case.py [103] ******跳过：run_flag为否，该条测试用例不执行！******
2022-06-15 11:49:32,361 GMJK INFO run_case.py [97] +++++++++++++++++++++++++++++++++++++++++++++++++++++++++++++++++++
2022-06-15 11:49:32,361 GMJK INFO run_case.py [98] 执行用例：test_10-wjj-message-system-短信发送-code1112
2022-06-15 11:49:32,361 GMJK INFO run_case.py [103] ******跳过：run_flag为否，该条测试用例不执行！******
2022-06-15 11:49:32,393 GMJK INFO run_case.py [97] +++++++++++++++++++++++++++++++++++++++++++++++++++++++++++++++++++
2022-06-15 11:49:32,393 GMJK INFO run_case.py [98] 执行用例：test_11-wjj-message-system-短信发送-code1113
2022-06-15 11:49:32,393 GMJK INFO run_case.py [103] ******跳过：run_flag为否，该条测试用例不执行！******
2022-06-15 11:49:32,425 GMJK INFO run_case.py [97] +++++++++++++++++++++++++++++++++++++++++++++++++++++++++++++++++++
2022-06-15 11:49:32,425 GMJK INFO run_case.py [98] 执行用例：test_12-wjj-message-system-短信发送-code1114
2022-06-15 11:49:32,425 GMJK INFO run_case.py [103] ******跳过：run_flag为否，该条测试用例不执行！******
2022-06-15 11:49:32,456 GMJK INFO run_case.py [97] +++++++++++++++++++++++++++++++++++++++++++++++++++++++++++++++++++
2022-06-15 11:49:32,456 GMJK INFO run_case.py [98] 执行用例：test_13-wjj-message-system-短信发送-code1115
2022-06-15 11:49:32,457 GMJK INFO run_case.py [103] ******跳过：run_flag为否，该条测试用例不执行！******
2022-06-15 11:49:32,486 GMJK INFO run_case.py [97] +++++++++++++++++++++++++++++++++++++++++++++++++++++++++++++++++++
2022-06-15 11:49:32,487 GMJK INFO run_case.py [98] 执行用例：test_14-wjj-message-system-短信发送-code1116
2022-06-15 11:49:32,487 GMJK INFO run_case.py [103] ******跳过：run_flag为否，该条测试用例不执行！******
2022-06-15 11:49:32,516 GMJK INFO run_case.py [97] +++++++++++++++++++++++++++++++++++++++++++++++++++++++++++++++++++
2022-06-15 11:49:32,516 GMJK INFO run_case.py [98] 执行用例：test_15-wjj-message-system-短信发送-code1117
2022-06-15 11:49:32,517 GMJK INFO run_case.py [103] ******跳过：run_flag为否，该条测试用例不执行！******
2022-06-15 11:49:32,548 GMJK INFO run_case.py [97] +++++++++++++++++++++++++++++++++++++++++++++++++++++++++++++++++++
2022-06-15 11:49:32,548 GMJK INFO run_case.py [98] 执行用例：test_16-wjj-message-system-短信发送-code1118
2022-06-15 11:49:32,548 GMJK INFO run_case.py [103] ******跳过：run_flag为否，该条测试用例不执行！******
2022-06-15 11:54:19,677 GMJK INFO excel_util.py [159] 读取excel数据进度（%）
2022-06-15 11:54:19,754 GMJK INFO run_case.py [97] +++++++++++++++++++++++++++++++++++++++++++++++++++++++++++++++++++
2022-06-15 11:54:19,754 GMJK INFO run_case.py [98] 执行用例：test_01-token-获取管家工作台登录token
2022-06-15 11:54:19,754 GMJK INFO run_case.py [169] 前置思考时间为空
2022-06-15 11:54:19,754 GMJK INFO run_case.py [182] 前置条件为空
2022-06-15 11:54:19,754 GMJK INFO run_case.py [195] 请求URL：https://gmjk-hcm-test.nhf.cn/api/gm-health-steward-platform/healthSteward/user/wjjGmOpenToken/login
2022-06-15 11:54:19,755 GMJK INFO run_case.py [115] 请求类型：post
2022-06-15 11:54:19,755 GMJK INFO run_case.py [229] 请求头：{'Content-Type': 'application/json'}
2022-06-15 11:54:19,755 GMJK INFO run_case.py [120] 请求参数类型：json
2022-06-15 11:54:19,755 GMJK INFO run_case.py [255] 请求参数：{'loginAccount': '17081990539', 'loginKey': '123456', 'loginType': '1', 'landingSource': 7}
2022-06-15 11:54:19,975 GMJK INFO run_case.py [138] 断言类型：包含
2022-06-15 11:54:19,975 GMJK INFO run_case.py [139] 断言规则：None
2022-06-15 11:54:19,975 GMJK INFO run_case.py [140] 期望响应结果："code":"1000","message":"接口调用成功"
2022-06-15 11:54:19,975 GMJK INFO run_case.py [141] 实际响应结果：{"code":"1000","message":"接口调用成功","data":{"id":153,"accountNo":"GM20181203173317001244","healthStewardName":"肖翠翠","phoneNo":"17081990539","post":1,"remark":"","isDefaultHealthButler":1,"status":1,"onlineState":20,"updateUser":null,"updateTime":"2022-06-15 11:49:14","roles":[{"roleCode":"HWR000000","roleName":"管理员"}],"consultationTypeConfigList":[1,2,3],"conversationState":10,"onlineStateDuration":null,"headImage":null,"textConsultCapacity":10,"token":null,"onlineStateStatisticsId":3982},"extendOne":null,"extendTwo":null,"extendThree":null,"success":true}
2022-06-15 11:54:19,975 GMJK INFO relation_extract_util.py [39] 提取响应头中token为：Bearer eyJhbGciOiJIUzUxMiJ9.eyJwaG9uZSI6IjE3MDgxOTkwNTM5IiwiZXhwVGltZSI6MjU5MjAwMDAwMCwiYWNjb3VudE5vIjoiR00yMDE4MTIwMzE3MzMxNzAwMTI0NCIsInJvbGVDb2RlIjoiSFdSMDAwMDAwIiwidGVuYW50SWQiOm51bGwsImVtcGxveWVlSWQiOm51bGwsInBsYXRUeXBlIjoiNyIsInVzZXJOYW1lIjoi6IKW57-g57-gIiwiZXhwIjoxNjU3ODU3MjYyLCJ1c2VySWQiOjE1M30.By_a604RJBKnUQ1InJ5JEqwpGvYMooyeFWXXUpfZqezn0YLvnhFE5FPya8fvuA7JH_pNl8kYJlbho6hCZG4ihg
2022-06-15 11:54:20,070 GMJK INFO run_case.py [97] +++++++++++++++++++++++++++++++++++++++++++++++++++++++++++++++++++
2022-06-15 11:54:20,070 GMJK INFO run_case.py [98] 执行用例：test_02-wjj-message-system-短信发送-code1104
2022-06-15 11:54:20,070 GMJK INFO run_case.py [164] 前置思考时间为：20秒
2022-06-15 11:54:40,073 GMJK INFO run_case.py [182] 前置条件为空
2022-06-15 11:54:40,073 GMJK INFO run_case.py [200] 请求URL：https://gmjk-hcm-uat.nhf.cn/api/wjj-message-system/message/msgSmsRecord/sendSmsForNotify
2022-06-15 11:54:40,073 GMJK INFO run_case.py [115] 请求类型：post
2022-06-15 11:54:40,074 GMJK INFO run_case.py [224] 请求头：{'Content-Type': 'application/json', 'token': 'Bearer eyJhbGciOiJIUzUxMiJ9.eyJwaG9uZSI6IjE3MDgxOTkwNTM5IiwiZXhwVGltZSI6MjU5MjAwMDAwMCwiYWNjb3VudE5vIjoiR00yMDE4MTIwMzE3MzMxNzAwMTI0NCIsInJvbGVDb2RlIjoiSFdSMDAwMDAwIiwidGVuYW50SWQiOm51bGwsImVtcGxveWVlSWQiOm51bGwsInBsYXRUeXBlIjoiNyIsInVzZXJOYW1lIjoi6IKW57-g57-gIiwiZXhwIjoxNjU3ODU3MjYyLCJ1c2VySWQiOjE1M30.By_a604RJBKnUQ1InJ5JEqwpGvYMooyeFWXXUpfZqezn0YLvnhFE5FPya8fvuA7JH_pNl8kYJlbho6hCZG4ihg'}
2022-06-15 11:54:40,074 GMJK INFO run_case.py [120] 请求参数类型：json
2022-06-15 11:54:40,074 GMJK INFO run_case.py [255] 请求参数：{'phoneNo': '19537630936', 'templateCode': 1104, 'extend': '测试'}
2022-06-15 11:54:40,228 GMJK INFO run_case.py [138] 断言类型：包含
2022-06-15 11:54:40,228 GMJK INFO run_case.py [139] 断言规则：None
2022-06-15 11:54:40,228 GMJK INFO run_case.py [140] 期望响应结果："code":"1000","message":"接口调用成功"
2022-06-15 11:54:40,228 GMJK INFO run_case.py [141] 实际响应结果：{"code":"1000","message":"接口调用成功","data":{"uniqueCode":119023},"extendOne":null,"extendTwo":null,"extendThree":null,"success":true}
2022-06-15 11:54:40,228 GMJK INFO run_case.py [319] 关联数据提取为空
2022-06-15 11:54:40,259 GMJK INFO run_case.py [97] +++++++++++++++++++++++++++++++++++++++++++++++++++++++++++++++++++
2022-06-15 11:54:40,260 GMJK INFO run_case.py [98] 执行用例：test_03-wjj-message-system-短信发送-code1105
2022-06-15 11:54:40,260 GMJK INFO run_case.py [103] ******跳过：run_flag为否，该条测试用例不执行！******
2022-06-15 11:54:40,291 GMJK INFO run_case.py [97] +++++++++++++++++++++++++++++++++++++++++++++++++++++++++++++++++++
2022-06-15 11:54:40,291 GMJK INFO run_case.py [98] 执行用例：test_04-wjj-message-system-短信发送-code1106
2022-06-15 11:54:40,291 GMJK INFO run_case.py [103] ******跳过：run_flag为否，该条测试用例不执行！******
2022-06-15 11:54:40,323 GMJK INFO run_case.py [97] +++++++++++++++++++++++++++++++++++++++++++++++++++++++++++++++++++
2022-06-15 11:54:40,323 GMJK INFO run_case.py [98] 执行用例：test_05-wjj-message-system-短信发送-code1107
2022-06-15 11:54:40,323 GMJK INFO run_case.py [103] ******跳过：run_flag为否，该条测试用例不执行！******
2022-06-15 11:54:40,355 GMJK INFO run_case.py [97] +++++++++++++++++++++++++++++++++++++++++++++++++++++++++++++++++++
2022-06-15 11:54:40,355 GMJK INFO run_case.py [98] 执行用例：test_06-wjj-message-system-短信发送-code1108
2022-06-15 11:54:40,355 GMJK INFO run_case.py [103] ******跳过：run_flag为否，该条测试用例不执行！******
2022-06-15 11:54:40,387 GMJK INFO run_case.py [97] +++++++++++++++++++++++++++++++++++++++++++++++++++++++++++++++++++
2022-06-15 11:54:40,387 GMJK INFO run_case.py [98] 执行用例：test_07-wjj-message-system-短信发送-code1109
2022-06-15 11:54:40,387 GMJK INFO run_case.py [103] ******跳过：run_flag为否，该条测试用例不执行！******
2022-06-15 11:54:40,415 GMJK INFO run_case.py [97] +++++++++++++++++++++++++++++++++++++++++++++++++++++++++++++++++++
2022-06-15 11:54:40,415 GMJK INFO run_case.py [98] 执行用例：test_08-wjj-message-system-短信发送-code1110
2022-06-15 11:54:40,415 GMJK INFO run_case.py [103] ******跳过：run_flag为否，该条测试用例不执行！******
2022-06-15 11:54:40,465 GMJK INFO run_case.py [97] +++++++++++++++++++++++++++++++++++++++++++++++++++++++++++++++++++
2022-06-15 11:54:40,465 GMJK INFO run_case.py [98] 执行用例：test_09-wjj-message-system-短信发送-code1111
2022-06-15 11:54:40,465 GMJK INFO run_case.py [103] ******跳过：run_flag为否，该条测试用例不执行！******
2022-06-15 11:54:40,497 GMJK INFO run_case.py [97] +++++++++++++++++++++++++++++++++++++++++++++++++++++++++++++++++++
2022-06-15 11:54:40,497 GMJK INFO run_case.py [98] 执行用例：test_10-wjj-message-system-短信发送-code1112
2022-06-15 11:54:40,497 GMJK INFO run_case.py [103] ******跳过：run_flag为否，该条测试用例不执行！******
2022-06-15 11:54:40,529 GMJK INFO run_case.py [97] +++++++++++++++++++++++++++++++++++++++++++++++++++++++++++++++++++
2022-06-15 11:54:40,529 GMJK INFO run_case.py [98] 执行用例：test_11-wjj-message-system-短信发送-code1113
2022-06-15 11:54:40,529 GMJK INFO run_case.py [103] ******跳过：run_flag为否，该条测试用例不执行！******
2022-06-15 11:54:40,560 GMJK INFO run_case.py [97] +++++++++++++++++++++++++++++++++++++++++++++++++++++++++++++++++++
2022-06-15 11:54:40,560 GMJK INFO run_case.py [98] 执行用例：test_12-wjj-message-system-短信发送-code1114
2022-06-15 11:54:40,561 GMJK INFO run_case.py [103] ******跳过：run_flag为否，该条测试用例不执行！******
2022-06-15 11:54:40,592 GMJK INFO run_case.py [97] +++++++++++++++++++++++++++++++++++++++++++++++++++++++++++++++++++
2022-06-15 11:54:40,592 GMJK INFO run_case.py [98] 执行用例：test_13-wjj-message-system-短信发送-code1115
2022-06-15 11:54:40,592 GMJK INFO run_case.py [103] ******跳过：run_flag为否，该条测试用例不执行！******
2022-06-15 11:54:40,622 GMJK INFO run_case.py [97] +++++++++++++++++++++++++++++++++++++++++++++++++++++++++++++++++++
2022-06-15 11:54:40,622 GMJK INFO run_case.py [98] 执行用例：test_14-wjj-message-system-短信发送-code1116
2022-06-15 11:54:40,622 GMJK INFO run_case.py [103] ******跳过：run_flag为否，该条测试用例不执行！******
2022-06-15 11:54:40,653 GMJK INFO run_case.py [97] +++++++++++++++++++++++++++++++++++++++++++++++++++++++++++++++++++
2022-06-15 11:54:40,653 GMJK INFO run_case.py [98] 执行用例：test_15-wjj-message-system-短信发送-code1117
2022-06-15 11:54:40,653 GMJK INFO run_case.py [103] ******跳过：run_flag为否，该条测试用例不执行！******
2022-06-15 11:54:40,684 GMJK INFO run_case.py [97] +++++++++++++++++++++++++++++++++++++++++++++++++++++++++++++++++++
2022-06-15 11:54:40,685 GMJK INFO run_case.py [98] 执行用例：test_16-wjj-message-system-短信发送-code1118
2022-06-15 11:54:40,685 GMJK INFO run_case.py [103] ******跳过：run_flag为否，该条测试用例不执行！******
2022-06-15 11:56:18,232 GMJK INFO excel_util.py [159] 读取excel数据进度（%）
2022-06-15 11:56:18,272 GMJK INFO run_case.py [97] +++++++++++++++++++++++++++++++++++++++++++++++++++++++++++++++++++
2022-06-15 11:56:18,272 GMJK INFO run_case.py [98] 执行用例：test_01-token-获取管家工作台登录token
2022-06-15 11:56:18,272 GMJK INFO run_case.py [169] 前置思考时间为空
2022-06-15 11:56:18,272 GMJK INFO run_case.py [182] 前置条件为空
2022-06-15 11:56:18,272 GMJK INFO run_case.py [195] 请求URL：https://gmjk-hcm-test.nhf.cn/api/gm-health-steward-platform/healthSteward/user/wjjGmOpenToken/login
2022-06-15 11:56:18,272 GMJK INFO run_case.py [115] 请求类型：post
2022-06-15 11:56:18,272 GMJK INFO run_case.py [229] 请求头：{'Content-Type': 'application/json'}
2022-06-15 11:56:18,272 GMJK INFO run_case.py [120] 请求参数类型：json
2022-06-15 11:56:18,272 GMJK INFO run_case.py [255] 请求参数：{'loginAccount': '17081990539', 'loginKey': '123456', 'loginType': '1', 'landingSource': 7}
2022-06-15 11:56:18,595 GMJK INFO run_case.py [138] 断言类型：包含
2022-06-15 11:56:18,595 GMJK INFO run_case.py [139] 断言规则：None
2022-06-15 11:56:18,595 GMJK INFO run_case.py [140] 期望响应结果："code":"1000","message":"接口调用成功"
2022-06-15 11:56:18,595 GMJK INFO run_case.py [141] 实际响应结果：{"code":"1000","message":"接口调用成功","data":{"id":153,"accountNo":"GM20181203173317001244","healthStewardName":"肖翠翠","phoneNo":"17081990539","post":1,"remark":"","isDefaultHealthButler":1,"status":1,"onlineState":20,"updateUser":null,"updateTime":"2022-06-15 11:54:22","roles":[{"roleCode":"HWR000000","roleName":"管理员"}],"consultationTypeConfigList":[1,2,3],"conversationState":10,"onlineStateDuration":null,"headImage":null,"textConsultCapacity":10,"token":null,"onlineStateStatisticsId":3983},"extendOne":null,"extendTwo":null,"extendThree":null,"success":true}
2022-06-15 11:56:18,595 GMJK INFO relation_extract_util.py [39] 提取响应头中token为：Bearer eyJhbGciOiJIUzUxMiJ9.eyJwaG9uZSI6IjE3MDgxOTkwNTM5IiwiZXhwVGltZSI6MjU5MjAwMDAwMCwiYWNjb3VudE5vIjoiR00yMDE4MTIwMzE3MzMxNzAwMTI0NCIsInJvbGVDb2RlIjoiSFdSMDAwMDAwIiwidGVuYW50SWQiOm51bGwsImVtcGxveWVlSWQiOm51bGwsInBsYXRUeXBlIjoiNyIsInVzZXJOYW1lIjoi6IKW57-g57-gIiwiZXhwIjoxNjU3ODU3MzgwLCJ1c2VySWQiOjE1M30.UBf1Ai4CUY0buQl-eyFVo4xG4If09QEvcVA6odc28FVwxEA4ZZ2S9Jd4uXzt9C48eBLfUhfD3oPTFja7zq7b1g
2022-06-15 11:56:18,625 GMJK INFO run_case.py [97] +++++++++++++++++++++++++++++++++++++++++++++++++++++++++++++++++++
2022-06-15 11:56:18,626 GMJK INFO run_case.py [98] 执行用例：test_02-wjj-message-system-短信发送-code1104
2022-06-15 11:56:18,626 GMJK INFO run_case.py [164] 前置思考时间为：20秒
2022-06-15 11:56:38,627 GMJK INFO run_case.py [182] 前置条件为空
2022-06-15 11:56:38,627 GMJK INFO run_case.py [200] 请求URL：https://gmjk-hcm-uat.nhf.cn/api/wjj-message-system/message/msgSmsRecord/sendSmsForNotify
2022-06-15 11:56:38,627 GMJK INFO run_case.py [115] 请求类型：post
2022-06-15 11:56:38,627 GMJK INFO run_case.py [224] 请求头：{'Content-Type': 'application/json', 'token': 'Bearer eyJhbGciOiJIUzUxMiJ9.eyJwaG9uZSI6IjE3MDgxOTkwNTM5IiwiZXhwVGltZSI6MjU5MjAwMDAwMCwiYWNjb3VudE5vIjoiR00yMDE4MTIwMzE3MzMxNzAwMTI0NCIsInJvbGVDb2RlIjoiSFdSMDAwMDAwIiwidGVuYW50SWQiOm51bGwsImVtcGxveWVlSWQiOm51bGwsInBsYXRUeXBlIjoiNyIsInVzZXJOYW1lIjoi6IKW57-g57-gIiwiZXhwIjoxNjU3ODU3MzgwLCJ1c2VySWQiOjE1M30.UBf1Ai4CUY0buQl-eyFVo4xG4If09QEvcVA6odc28FVwxEA4ZZ2S9Jd4uXzt9C48eBLfUhfD3oPTFja7zq7b1g'}
2022-06-15 11:56:38,627 GMJK INFO run_case.py [120] 请求参数类型：json
2022-06-15 11:56:38,628 GMJK INFO run_case.py [255] 请求参数：{'phoneNo': '19537630936', 'templateCode': 1104, 'extend': '测试'}
2022-06-15 11:56:38,861 GMJK INFO run_case.py [138] 断言类型：包含
2022-06-15 11:56:38,861 GMJK INFO run_case.py [139] 断言规则：None
2022-06-15 11:56:38,861 GMJK INFO run_case.py [140] 期望响应结果："code":"1000","message":"接口调用成功"
2022-06-15 11:56:38,861 GMJK INFO run_case.py [141] 实际响应结果：{"code":"1000","message":"接口调用成功","data":{"uniqueCode":119024},"extendOne":null,"extendTwo":null,"extendThree":null,"success":true}
2022-06-15 11:56:38,861 GMJK INFO run_case.py [319] 关联数据提取为空
2022-06-15 11:56:38,891 GMJK INFO run_case.py [97] +++++++++++++++++++++++++++++++++++++++++++++++++++++++++++++++++++
2022-06-15 11:56:38,891 GMJK INFO run_case.py [98] 执行用例：test_03-wjj-message-system-短信发送-code1105
2022-06-15 11:56:38,891 GMJK INFO run_case.py [103] ******跳过：run_flag为否，该条测试用例不执行！******
2022-06-15 11:56:38,921 GMJK INFO run_case.py [97] +++++++++++++++++++++++++++++++++++++++++++++++++++++++++++++++++++
2022-06-15 11:56:38,921 GMJK INFO run_case.py [98] 执行用例：test_04-wjj-message-system-短信发送-code1106
2022-06-15 11:56:38,921 GMJK INFO run_case.py [103] ******跳过：run_flag为否，该条测试用例不执行！******
2022-06-15 11:56:38,953 GMJK INFO run_case.py [97] +++++++++++++++++++++++++++++++++++++++++++++++++++++++++++++++++++
2022-06-15 11:56:38,953 GMJK INFO run_case.py [98] 执行用例：test_05-wjj-message-system-短信发送-code1107
2022-06-15 11:56:38,953 GMJK INFO run_case.py [103] ******跳过：run_flag为否，该条测试用例不执行！******
2022-06-15 11:56:38,984 GMJK INFO run_case.py [97] +++++++++++++++++++++++++++++++++++++++++++++++++++++++++++++++++++
2022-06-15 11:56:38,984 GMJK INFO run_case.py [98] 执行用例：test_06-wjj-message-system-短信发送-code1108
2022-06-15 11:56:38,984 GMJK INFO run_case.py [103] ******跳过：run_flag为否，该条测试用例不执行！******
2022-06-15 11:56:39,015 GMJK INFO run_case.py [97] +++++++++++++++++++++++++++++++++++++++++++++++++++++++++++++++++++
2022-06-15 11:56:39,015 GMJK INFO run_case.py [98] 执行用例：test_07-wjj-message-system-短信发送-code1109
2022-06-15 11:56:39,015 GMJK INFO run_case.py [103] ******跳过：run_flag为否，该条测试用例不执行！******
2022-06-15 11:56:39,046 GMJK INFO run_case.py [97] +++++++++++++++++++++++++++++++++++++++++++++++++++++++++++++++++++
2022-06-15 11:56:39,046 GMJK INFO run_case.py [98] 执行用例：test_08-wjj-message-system-短信发送-code1110
2022-06-15 11:56:39,046 GMJK INFO run_case.py [103] ******跳过：run_flag为否，该条测试用例不执行！******
2022-06-15 11:56:39,099 GMJK INFO run_case.py [97] +++++++++++++++++++++++++++++++++++++++++++++++++++++++++++++++++++
2022-06-15 11:56:39,100 GMJK INFO run_case.py [98] 执行用例：test_09-wjj-message-system-短信发送-code1111
2022-06-15 11:56:39,100 GMJK INFO run_case.py [103] ******跳过：run_flag为否，该条测试用例不执行！******
2022-06-15 11:56:39,129 GMJK INFO run_case.py [97] +++++++++++++++++++++++++++++++++++++++++++++++++++++++++++++++++++
2022-06-15 11:56:39,129 GMJK INFO run_case.py [98] 执行用例：test_10-wjj-message-system-短信发送-code1112
2022-06-15 11:56:39,129 GMJK INFO run_case.py [103] ******跳过：run_flag为否，该条测试用例不执行！******
2022-06-15 11:56:39,160 GMJK INFO run_case.py [97] +++++++++++++++++++++++++++++++++++++++++++++++++++++++++++++++++++
2022-06-15 11:56:39,160 GMJK INFO run_case.py [98] 执行用例：test_11-wjj-message-system-短信发送-code1113
2022-06-15 11:56:39,160 GMJK INFO run_case.py [103] ******跳过：run_flag为否，该条测试用例不执行！******
2022-06-15 11:56:39,190 GMJK INFO run_case.py [97] +++++++++++++++++++++++++++++++++++++++++++++++++++++++++++++++++++
2022-06-15 11:56:39,190 GMJK INFO run_case.py [98] 执行用例：test_12-wjj-message-system-短信发送-code1114
2022-06-15 11:56:39,190 GMJK INFO run_case.py [103] ******跳过：run_flag为否，该条测试用例不执行！******
2022-06-15 11:56:39,219 GMJK INFO run_case.py [97] +++++++++++++++++++++++++++++++++++++++++++++++++++++++++++++++++++
2022-06-15 11:56:39,219 GMJK INFO run_case.py [98] 执行用例：test_13-wjj-message-system-短信发送-code1115
2022-06-15 11:56:39,219 GMJK INFO run_case.py [103] ******跳过：run_flag为否，该条测试用例不执行！******
2022-06-15 11:56:39,248 GMJK INFO run_case.py [97] +++++++++++++++++++++++++++++++++++++++++++++++++++++++++++++++++++
2022-06-15 11:56:39,248 GMJK INFO run_case.py [98] 执行用例：test_14-wjj-message-system-短信发送-code1116
2022-06-15 11:56:39,248 GMJK INFO run_case.py [103] ******跳过：run_flag为否，该条测试用例不执行！******
2022-06-15 11:56:39,277 GMJK INFO run_case.py [97] +++++++++++++++++++++++++++++++++++++++++++++++++++++++++++++++++++
2022-06-15 11:56:39,277 GMJK INFO run_case.py [98] 执行用例：test_15-wjj-message-system-短信发送-code1117
2022-06-15 11:56:39,277 GMJK INFO run_case.py [103] ******跳过：run_flag为否，该条测试用例不执行！******
2022-06-15 11:56:39,306 GMJK INFO run_case.py [97] +++++++++++++++++++++++++++++++++++++++++++++++++++++++++++++++++++
2022-06-15 11:56:39,306 GMJK INFO run_case.py [98] 执行用例：test_16-wjj-message-system-短信发送-code1118
2022-06-15 11:56:39,306 GMJK INFO run_case.py [103] ******跳过：run_flag为否，该条测试用例不执行！******
2022-06-15 12:01:03,428 GMJK INFO excel_util.py [159] 读取excel数据进度（%）
2022-06-15 12:01:03,468 GMJK INFO run_case.py [97] +++++++++++++++++++++++++++++++++++++++++++++++++++++++++++++++++++
2022-06-15 12:01:03,468 GMJK INFO run_case.py [98] 执行用例：test_01-token-获取管家工作台登录token
2022-06-15 12:01:03,468 GMJK INFO run_case.py [169] 前置思考时间为空
2022-06-15 12:01:03,468 GMJK INFO run_case.py [182] 前置条件为空
2022-06-15 12:01:03,468 GMJK INFO run_case.py [195] 请求URL：https://gmjk-hcm-test.nhf.cn/api/gm-health-steward-platform/healthSteward/user/wjjGmOpenToken/login
2022-06-15 12:01:03,468 GMJK INFO run_case.py [115] 请求类型：post
2022-06-15 12:01:03,468 GMJK INFO run_case.py [229] 请求头：{'Content-Type': 'application/json'}
2022-06-15 12:01:03,468 GMJK INFO run_case.py [120] 请求参数类型：json
2022-06-15 12:01:03,468 GMJK INFO run_case.py [255] 请求参数：{'loginAccount': '17081990539', 'loginKey': '123456', 'loginType': '1', 'landingSource': 7}
2022-06-15 12:01:03,701 GMJK INFO run_case.py [138] 断言类型：包含
2022-06-15 12:01:03,702 GMJK INFO run_case.py [139] 断言规则：None
2022-06-15 12:01:03,702 GMJK INFO run_case.py [140] 期望响应结果："code":"1000","message":"接口调用成功"
2022-06-15 12:01:03,702 GMJK INFO run_case.py [141] 实际响应结果：{"code":"1000","message":"接口调用成功","data":{"id":153,"accountNo":"GM20181203173317001244","healthStewardName":"肖翠翠","phoneNo":"17081990539","post":1,"remark":"","isDefaultHealthButler":1,"status":1,"onlineState":20,"updateUser":null,"updateTime":"2022-06-15 11:56:21","roles":[{"roleCode":"HWR000000","roleName":"管理员"}],"consultationTypeConfigList":[1,2,3],"conversationState":10,"onlineStateDuration":null,"headImage":null,"textConsultCapacity":10,"token":null,"onlineStateStatisticsId":3984},"extendOne":null,"extendTwo":null,"extendThree":null,"success":true}
2022-06-15 12:01:03,702 GMJK INFO relation_extract_util.py [39] 提取响应头中token为：Bearer eyJhbGciOiJIUzUxMiJ9.eyJwaG9uZSI6IjE3MDgxOTkwNTM5IiwiZXhwVGltZSI6MjU5MjAwMDAwMCwiYWNjb3VudE5vIjoiR00yMDE4MTIwMzE3MzMxNzAwMTI0NCIsInJvbGVDb2RlIjoiSFdSMDAwMDAwIiwidGVuYW50SWQiOm51bGwsImVtcGxveWVlSWQiOm51bGwsInBsYXRUeXBlIjoiNyIsInVzZXJOYW1lIjoi6IKW57-g57-gIiwiZXhwIjoxNjU3ODU3NjY2LCJ1c2VySWQiOjE1M30.k_Hk5gHrxHqDh_NpN6LD5S1YayQUpxqzkJF3L6neRzr5oYQRVHwIIA9eIGSprkkAi8ZN0LFzmhb4bA9V9sgw4g
2022-06-15 12:01:03,733 GMJK INFO run_case.py [97] +++++++++++++++++++++++++++++++++++++++++++++++++++++++++++++++++++
2022-06-15 12:01:03,733 GMJK INFO run_case.py [98] 执行用例：test_02-wjj-message-system-短信发送-code1104
2022-06-15 12:01:03,733 GMJK INFO run_case.py [164] 前置思考时间为：20秒
2022-06-15 12:01:38,263 GMJK INFO excel_util.py [159] 读取excel数据进度（%）
2022-06-15 12:02:39,469 GMJK INFO excel_util.py [159] 读取excel数据进度（%）
2022-06-15 12:02:39,508 GMJK INFO run_case.py [97] +++++++++++++++++++++++++++++++++++++++++++++++++++++++++++++++++++
2022-06-15 12:02:39,508 GMJK INFO run_case.py [98] 执行用例：test_01-token-获取管家工作台登录token
2022-06-15 12:02:39,508 GMJK INFO run_case.py [169] 前置思考时间为空
2022-06-15 12:02:39,508 GMJK INFO run_case.py [182] 前置条件为空
2022-06-15 12:02:39,508 GMJK INFO run_case.py [195] 请求URL：https://gmjk-hcm-test.nhf.cn/api/gm-health-steward-platform/healthSteward/user/wjjGmOpenToken/login
2022-06-15 12:02:39,508 GMJK INFO run_case.py [115] 请求类型：post
2022-06-15 12:02:39,508 GMJK INFO run_case.py [229] 请求头：{'Content-Type': 'application/json'}
2022-06-15 12:02:39,508 GMJK INFO run_case.py [120] 请求参数类型：json
2022-06-15 12:02:39,508 GMJK INFO run_case.py [255] 请求参数：{'loginAccount': '17081990539', 'loginKey': '123456', 'loginType': '1', 'landingSource': 7}
2022-06-15 12:02:39,746 GMJK INFO run_case.py [138] 断言类型：包含
2022-06-15 12:02:39,746 GMJK INFO run_case.py [139] 断言规则：None
2022-06-15 12:02:39,746 GMJK INFO run_case.py [140] 期望响应结果："code":"1000","message":"接口调用成功"
2022-06-15 12:02:39,746 GMJK INFO run_case.py [141] 实际响应结果：{"code":"1000","message":"接口调用成功","data":{"id":153,"accountNo":"GM20181203173317001244","healthStewardName":"肖翠翠","phoneNo":"17081990539","post":1,"remark":"","isDefaultHealthButler":1,"status":1,"onlineState":20,"updateUser":null,"updateTime":"2022-06-15 12:01:06","roles":[{"roleCode":"HWR000000","roleName":"管理员"}],"consultationTypeConfigList":[1,2,3],"conversationState":10,"onlineStateDuration":null,"headImage":null,"textConsultCapacity":10,"token":null,"onlineStateStatisticsId":3985},"extendOne":null,"extendTwo":null,"extendThree":null,"success":true}
2022-06-15 12:02:39,746 GMJK INFO relation_extract_util.py [39] 提取响应头中token为：Bearer eyJhbGciOiJIUzUxMiJ9.eyJwaG9uZSI6IjE3MDgxOTkwNTM5IiwiZXhwVGltZSI6MjU5MjAwMDAwMCwiYWNjb3VudE5vIjoiR00yMDE4MTIwMzE3MzMxNzAwMTI0NCIsInJvbGVDb2RlIjoiSFdSMDAwMDAwIiwidGVuYW50SWQiOm51bGwsImVtcGxveWVlSWQiOm51bGwsInBsYXRUeXBlIjoiNyIsInVzZXJOYW1lIjoi6IKW57-g57-gIiwiZXhwIjoxNjU3ODU3NzYyLCJ1c2VySWQiOjE1M30.lP9sT3orSFO9vJa8FDz0GDLCqzRPgC_EJ5SZRa7s22C-bM8XUt8wS-kJuj5oOhhY6FFzC8QeaavkI8Ae2TNtjg
2022-06-15 12:02:39,784 GMJK INFO run_case.py [97] +++++++++++++++++++++++++++++++++++++++++++++++++++++++++++++++++++
2022-06-15 12:02:39,784 GMJK INFO run_case.py [98] 执行用例：test_02-wjj-message-system-短信发送-code1104
2022-06-15 12:02:39,785 GMJK INFO run_case.py [164] 前置思考时间为：20秒
2022-06-15 12:02:59,787 GMJK INFO run_case.py [182] 前置条件为空
2022-06-15 12:02:59,788 GMJK INFO run_case.py [200] 请求URL：https://gmjk-hcm-uat.nhf.cn/api/wjj-message-system/message/msgSmsRecord/sendSmsForNotify
2022-06-15 12:02:59,788 GMJK INFO run_case.py [115] 请求类型：post
2022-06-15 12:02:59,788 GMJK INFO run_case.py [224] 请求头：{'Content-Type': 'application/json', 'token': 'Bearer eyJhbGciOiJIUzUxMiJ9.eyJwaG9uZSI6IjE3MDgxOTkwNTM5IiwiZXhwVGltZSI6MjU5MjAwMDAwMCwiYWNjb3VudE5vIjoiR00yMDE4MTIwMzE3MzMxNzAwMTI0NCIsInJvbGVDb2RlIjoiSFdSMDAwMDAwIiwidGVuYW50SWQiOm51bGwsImVtcGxveWVlSWQiOm51bGwsInBsYXRUeXBlIjoiNyIsInVzZXJOYW1lIjoi6IKW57-g57-gIiwiZXhwIjoxNjU3ODU3NzYyLCJ1c2VySWQiOjE1M30.lP9sT3orSFO9vJa8FDz0GDLCqzRPgC_EJ5SZRa7s22C-bM8XUt8wS-kJuj5oOhhY6FFzC8QeaavkI8Ae2TNtjg'}
2022-06-15 12:02:59,788 GMJK INFO run_case.py [120] 请求参数类型：json
2022-06-15 12:02:59,788 GMJK INFO run_case.py [255] 请求参数：{'phoneNo': '19537630936', 'templateCode': 1104, 'extend': '测试'}
2022-06-15 12:03:00,270 GMJK INFO run_case.py [138] 断言类型：包含
2022-06-15 12:03:00,270 GMJK INFO run_case.py [139] 断言规则：None
2022-06-15 12:03:00,270 GMJK INFO run_case.py [140] 期望响应结果："code":"1000","message":"接口调用成功"
2022-06-15 12:03:00,271 GMJK INFO run_case.py [141] 实际响应结果：{"code":"1000","message":"接口调用成功","data":{"uniqueCode":119025},"extendOne":null,"extendTwo":null,"extendThree":null,"success":true}
2022-06-15 12:03:00,271 GMJK INFO run_case.py [319] 关联数据提取为空
2022-06-15 12:03:00,311 GMJK INFO run_case.py [97] +++++++++++++++++++++++++++++++++++++++++++++++++++++++++++++++++++
2022-06-15 12:03:00,311 GMJK INFO run_case.py [98] 执行用例：test_03-wjj-message-system-短信发送-code1105
2022-06-15 12:03:00,311 GMJK INFO run_case.py [103] ******跳过：run_flag为否，该条测试用例不执行！******
2022-06-15 12:03:00,345 GMJK INFO run_case.py [97] +++++++++++++++++++++++++++++++++++++++++++++++++++++++++++++++++++
2022-06-15 12:03:00,345 GMJK INFO run_case.py [98] 执行用例：test_04-wjj-message-system-短信发送-code1106
2022-06-15 12:03:00,345 GMJK INFO run_case.py [103] ******跳过：run_flag为否，该条测试用例不执行！******
2022-06-15 12:03:00,375 GMJK INFO run_case.py [97] +++++++++++++++++++++++++++++++++++++++++++++++++++++++++++++++++++
2022-06-15 12:03:00,376 GMJK INFO run_case.py [98] 执行用例：test_05-wjj-message-system-短信发送-code1107
2022-06-15 12:03:00,376 GMJK INFO run_case.py [103] ******跳过：run_flag为否，该条测试用例不执行！******
2022-06-15 12:03:00,405 GMJK INFO run_case.py [97] +++++++++++++++++++++++++++++++++++++++++++++++++++++++++++++++++++
2022-06-15 12:03:00,405 GMJK INFO run_case.py [98] 执行用例：test_06-wjj-message-system-短信发送-code1108
2022-06-15 12:03:00,405 GMJK INFO run_case.py [103] ******跳过：run_flag为否，该条测试用例不执行！******
2022-06-15 12:03:00,437 GMJK INFO run_case.py [97] +++++++++++++++++++++++++++++++++++++++++++++++++++++++++++++++++++
2022-06-15 12:03:00,437 GMJK INFO run_case.py [98] 执行用例：test_07-wjj-message-system-短信发送-code1109
2022-06-15 12:03:00,437 GMJK INFO run_case.py [103] ******跳过：run_flag为否，该条测试用例不执行！******
2022-06-15 12:03:00,468 GMJK INFO run_case.py [97] +++++++++++++++++++++++++++++++++++++++++++++++++++++++++++++++++++
2022-06-15 12:03:00,468 GMJK INFO run_case.py [98] 执行用例：test_08-wjj-message-system-短信发送-code1110
2022-06-15 12:03:00,468 GMJK INFO run_case.py [103] ******跳过：run_flag为否，该条测试用例不执行！******
2022-06-15 12:03:00,519 GMJK INFO run_case.py [97] +++++++++++++++++++++++++++++++++++++++++++++++++++++++++++++++++++
2022-06-15 12:03:00,519 GMJK INFO run_case.py [98] 执行用例：test_09-wjj-message-system-短信发送-code1111
2022-06-15 12:03:00,519 GMJK INFO run_case.py [103] ******跳过：run_flag为否，该条测试用例不执行！******
2022-06-15 12:03:00,548 GMJK INFO run_case.py [97] +++++++++++++++++++++++++++++++++++++++++++++++++++++++++++++++++++
2022-06-15 12:03:00,548 GMJK INFO run_case.py [98] 执行用例：test_10-wjj-message-system-短信发送-code1112
2022-06-15 12:03:00,548 GMJK INFO run_case.py [103] ******跳过：run_flag为否，该条测试用例不执行！******
2022-06-15 12:03:00,578 GMJK INFO run_case.py [97] +++++++++++++++++++++++++++++++++++++++++++++++++++++++++++++++++++
2022-06-15 12:03:00,578 GMJK INFO run_case.py [98] 执行用例：test_11-wjj-message-system-短信发送-code1113
2022-06-15 12:03:00,578 GMJK INFO run_case.py [103] ******跳过：run_flag为否，该条测试用例不执行！******
2022-06-15 12:03:00,608 GMJK INFO run_case.py [97] +++++++++++++++++++++++++++++++++++++++++++++++++++++++++++++++++++
2022-06-15 12:03:00,608 GMJK INFO run_case.py [98] 执行用例：test_12-wjj-message-system-短信发送-code1114
2022-06-15 12:03:00,608 GMJK INFO run_case.py [103] ******跳过：run_flag为否，该条测试用例不执行！******
2022-06-15 12:03:00,637 GMJK INFO run_case.py [97] +++++++++++++++++++++++++++++++++++++++++++++++++++++++++++++++++++
2022-06-15 12:03:00,638 GMJK INFO run_case.py [98] 执行用例：test_13-wjj-message-system-短信发送-code1115
2022-06-15 12:03:00,638 GMJK INFO run_case.py [103] ******跳过：run_flag为否，该条测试用例不执行！******
2022-06-15 12:03:00,667 GMJK INFO run_case.py [97] +++++++++++++++++++++++++++++++++++++++++++++++++++++++++++++++++++
2022-06-15 12:03:00,667 GMJK INFO run_case.py [98] 执行用例：test_14-wjj-message-system-短信发送-code1116
2022-06-15 12:03:00,667 GMJK INFO run_case.py [103] ******跳过：run_flag为否，该条测试用例不执行！******
2022-06-15 12:03:00,697 GMJK INFO run_case.py [97] +++++++++++++++++++++++++++++++++++++++++++++++++++++++++++++++++++
2022-06-15 12:03:00,697 GMJK INFO run_case.py [98] 执行用例：test_15-wjj-message-system-短信发送-code1117
2022-06-15 12:03:00,697 GMJK INFO run_case.py [103] ******跳过：run_flag为否，该条测试用例不执行！******
2022-06-15 12:03:00,726 GMJK INFO run_case.py [97] +++++++++++++++++++++++++++++++++++++++++++++++++++++++++++++++++++
2022-06-15 12:03:00,726 GMJK INFO run_case.py [98] 执行用例：test_16-wjj-message-system-短信发送-code1118
2022-06-15 12:03:00,726 GMJK INFO run_case.py [103] ******跳过：run_flag为否，该条测试用例不执行！******
2022-06-15 12:07:09,633 GMJK INFO excel_util.py [159] 读取excel数据进度（%）
2022-06-15 12:08:20,619 GMJK INFO excel_util.py [159] 读取excel数据进度（%）
2022-06-15 12:09:49,295 GMJK INFO excel_util.py [159] 读取excel数据进度（%）
2022-06-15 12:09:49,338 GMJK INFO run_case.py [97] +++++++++++++++++++++++++++++++++++++++++++++++++++++++++++++++++++
2022-06-15 12:09:49,338 GMJK INFO run_case.py [98] 执行用例：test_01-token-获取管家工作台登录token
2022-06-15 12:09:49,338 GMJK INFO run_case.py [169] 前置思考时间为空
2022-06-15 12:09:49,338 GMJK INFO run_case.py [182] 前置条件为空
2022-06-15 12:09:49,338 GMJK INFO run_case.py [195] 请求URL：https://gmjk-hcm-test.nhf.cn/api/gm-health-steward-platform/healthSteward/user/wjjGmOpenToken/login
2022-06-15 12:09:49,338 GMJK INFO run_case.py [115] 请求类型：post
2022-06-15 12:09:49,338 GMJK INFO run_case.py [229] 请求头：{'Content-Type': 'application/json'}
2022-06-15 12:09:49,338 GMJK INFO run_case.py [120] 请求参数类型：json
2022-06-15 12:09:49,338 GMJK INFO run_case.py [255] 请求参数：{'loginAccount': '17081990539', 'loginKey': '123456', 'loginType': '1', 'landingSource': 7}
2022-06-15 12:09:49,571 GMJK INFO run_case.py [138] 断言类型：包含
2022-06-15 12:09:49,571 GMJK INFO run_case.py [139] 断言规则：None
2022-06-15 12:09:49,571 GMJK INFO run_case.py [140] 期望响应结果："code":"1000","message":"接口调用成功"
2022-06-15 12:09:49,571 GMJK INFO run_case.py [141] 实际响应结果：{"code":"1000","message":"接口调用成功","data":{"id":153,"accountNo":"GM20181203173317001244","healthStewardName":"肖翠翠","phoneNo":"17081990539","post":1,"remark":"","isDefaultHealthButler":1,"status":1,"onlineState":20,"updateUser":null,"updateTime":"2022-06-15 12:02:42","roles":[{"roleCode":"HWR000000","roleName":"管理员"}],"consultationTypeConfigList":[1,2,3],"conversationState":10,"onlineStateDuration":null,"headImage":null,"textConsultCapacity":10,"token":null,"onlineStateStatisticsId":3986},"extendOne":null,"extendTwo":null,"extendThree":null,"success":true}
2022-06-15 12:09:49,571 GMJK INFO relation_extract_util.py [39] 提取响应头中token为：Bearer eyJhbGciOiJIUzUxMiJ9.eyJwaG9uZSI6IjE3MDgxOTkwNTM5IiwiZXhwVGltZSI6MjU5MjAwMDAwMCwiYWNjb3VudE5vIjoiR00yMDE4MTIwMzE3MzMxNzAwMTI0NCIsInJvbGVDb2RlIjoiSFdSMDAwMDAwIiwidGVuYW50SWQiOm51bGwsImVtcGxveWVlSWQiOm51bGwsInBsYXRUeXBlIjoiNyIsInVzZXJOYW1lIjoi6IKW57-g57-gIiwiZXhwIjoxNjU3ODU4MTkxLCJ1c2VySWQiOjE1M30.wK5F0hMjWouBeZUrWxR9XPEe-UJa7-jpqdoDe6MNT6UZZAz2P4ZfTH6M74v1JCAAgkwKQr6srsnVIdlTnfvjzQ
2022-06-15 12:09:49,600 GMJK INFO run_case.py [97] +++++++++++++++++++++++++++++++++++++++++++++++++++++++++++++++++++
2022-06-15 12:09:49,600 GMJK INFO run_case.py [98] 执行用例：test_02-wjj-message-system-短信发送-code1104
2022-06-15 12:09:49,600 GMJK INFO run_case.py [164] 前置思考时间为：20秒
2022-06-15 12:10:09,602 GMJK INFO run_case.py [182] 前置条件为空
2022-06-15 12:10:09,602 GMJK INFO run_case.py [200] 请求URL：https://gmjk-hcm-uat.nhf.cn/api/wjj-message-system/message/msgSmsRecord/sendSmsForNotify
2022-06-15 12:10:09,602 GMJK INFO run_case.py [115] 请求类型：post
2022-06-15 12:10:09,602 GMJK INFO run_case.py [224] 请求头：{'Content-Type': 'application/json', 'token': 'Bearer eyJhbGciOiJIUzUxMiJ9.eyJwaG9uZSI6IjE3MDgxOTkwNTM5IiwiZXhwVGltZSI6MjU5MjAwMDAwMCwiYWNjb3VudE5vIjoiR00yMDE4MTIwMzE3MzMxNzAwMTI0NCIsInJvbGVDb2RlIjoiSFdSMDAwMDAwIiwidGVuYW50SWQiOm51bGwsImVtcGxveWVlSWQiOm51bGwsInBsYXRUeXBlIjoiNyIsInVzZXJOYW1lIjoi6IKW57-g57-gIiwiZXhwIjoxNjU3ODU4MTkxLCJ1c2VySWQiOjE1M30.wK5F0hMjWouBeZUrWxR9XPEe-UJa7-jpqdoDe6MNT6UZZAz2P4ZfTH6M74v1JCAAgkwKQr6srsnVIdlTnfvjzQ'}
2022-06-15 12:10:09,603 GMJK INFO run_case.py [120] 请求参数类型：json
2022-06-15 12:10:09,603 GMJK INFO run_case.py [255] 请求参数：{'phoneNo': '19537630936', 'templateCode': 1104, 'extend': '测试'}
2022-06-15 12:10:09,956 GMJK INFO run_case.py [138] 断言类型：包含
2022-06-15 12:10:09,956 GMJK INFO run_case.py [139] 断言规则：None
2022-06-15 12:10:09,956 GMJK INFO run_case.py [140] 期望响应结果："code":"1000","message":"接口调用成功"
2022-06-15 12:10:09,956 GMJK INFO run_case.py [141] 实际响应结果：{"code":"1000","message":"接口调用成功","data":{"uniqueCode":119026},"extendOne":null,"extendTwo":null,"extendThree":null,"success":true}
2022-06-15 12:10:09,957 GMJK INFO run_case.py [319] 关联数据提取为空
2022-06-15 12:10:09,986 GMJK INFO run_case.py [97] +++++++++++++++++++++++++++++++++++++++++++++++++++++++++++++++++++
2022-06-15 12:10:09,986 GMJK INFO run_case.py [98] 执行用例：test_03-wjj-message-system-短信发送-code1105
2022-06-15 12:10:09,986 GMJK INFO run_case.py [103] ******跳过：run_flag为否，该条测试用例不执行！******
2022-06-15 12:10:10,016 GMJK INFO run_case.py [97] +++++++++++++++++++++++++++++++++++++++++++++++++++++++++++++++++++
2022-06-15 12:10:10,016 GMJK INFO run_case.py [98] 执行用例：test_04-wjj-message-system-短信发送-code1106
2022-06-15 12:10:10,017 GMJK INFO run_case.py [103] ******跳过：run_flag为否，该条测试用例不执行！******
2022-06-15 12:10:10,048 GMJK INFO run_case.py [97] +++++++++++++++++++++++++++++++++++++++++++++++++++++++++++++++++++
2022-06-15 12:10:10,048 GMJK INFO run_case.py [98] 执行用例：test_05-wjj-message-system-短信发送-code1107
2022-06-15 12:10:10,048 GMJK INFO run_case.py [103] ******跳过：run_flag为否，该条测试用例不执行！******
2022-06-15 12:10:10,077 GMJK INFO run_case.py [97] +++++++++++++++++++++++++++++++++++++++++++++++++++++++++++++++++++
2022-06-15 12:10:10,077 GMJK INFO run_case.py [98] 执行用例：test_06-wjj-message-system-短信发送-code1108
2022-06-15 12:10:10,077 GMJK INFO run_case.py [103] ******跳过：run_flag为否，该条测试用例不执行！******
2022-06-15 12:10:10,106 GMJK INFO run_case.py [97] +++++++++++++++++++++++++++++++++++++++++++++++++++++++++++++++++++
2022-06-15 12:10:10,106 GMJK INFO run_case.py [98] 执行用例：test_07-wjj-message-system-短信发送-code1109
2022-06-15 12:10:10,106 GMJK INFO run_case.py [103] ******跳过：run_flag为否，该条测试用例不执行！******
2022-06-15 12:10:10,134 GMJK INFO run_case.py [97] +++++++++++++++++++++++++++++++++++++++++++++++++++++++++++++++++++
2022-06-15 12:10:10,134 GMJK INFO run_case.py [98] 执行用例：test_08-wjj-message-system-短信发送-code1110
2022-06-15 12:10:10,135 GMJK INFO run_case.py [103] ******跳过：run_flag为否，该条测试用例不执行！******
2022-06-15 12:10:10,187 GMJK INFO run_case.py [97] +++++++++++++++++++++++++++++++++++++++++++++++++++++++++++++++++++
2022-06-15 12:10:10,188 GMJK INFO run_case.py [98] 执行用例：test_09-wjj-message-system-短信发送-code1111
2022-06-15 12:10:10,188 GMJK INFO run_case.py [103] ******跳过：run_flag为否，该条测试用例不执行！******
2022-06-15 12:10:10,220 GMJK INFO run_case.py [97] +++++++++++++++++++++++++++++++++++++++++++++++++++++++++++++++++++
2022-06-15 12:10:10,220 GMJK INFO run_case.py [98] 执行用例：test_10-wjj-message-system-短信发送-code1112
2022-06-15 12:10:10,220 GMJK INFO run_case.py [103] ******跳过：run_flag为否，该条测试用例不执行！******
2022-06-15 12:10:10,249 GMJK INFO run_case.py [97] +++++++++++++++++++++++++++++++++++++++++++++++++++++++++++++++++++
2022-06-15 12:10:10,250 GMJK INFO run_case.py [98] 执行用例：test_11-wjj-message-system-短信发送-code1113
2022-06-15 12:10:10,250 GMJK INFO run_case.py [103] ******跳过：run_flag为否，该条测试用例不执行！******
2022-06-15 12:10:10,282 GMJK INFO run_case.py [97] +++++++++++++++++++++++++++++++++++++++++++++++++++++++++++++++++++
2022-06-15 12:10:10,282 GMJK INFO run_case.py [98] 执行用例：test_12-wjj-message-system-短信发送-code1114
2022-06-15 12:10:10,282 GMJK INFO run_case.py [103] ******跳过：run_flag为否，该条测试用例不执行！******
2022-06-15 12:10:10,312 GMJK INFO run_case.py [97] +++++++++++++++++++++++++++++++++++++++++++++++++++++++++++++++++++
2022-06-15 12:10:10,312 GMJK INFO run_case.py [98] 执行用例：test_13-wjj-message-system-短信发送-code1115
2022-06-15 12:10:10,312 GMJK INFO run_case.py [103] ******跳过：run_flag为否，该条测试用例不执行！******
2022-06-15 12:10:10,342 GMJK INFO run_case.py [97] +++++++++++++++++++++++++++++++++++++++++++++++++++++++++++++++++++
2022-06-15 12:10:10,342 GMJK INFO run_case.py [98] 执行用例：test_14-wjj-message-system-短信发送-code1116
2022-06-15 12:10:10,342 GMJK INFO run_case.py [103] ******跳过：run_flag为否，该条测试用例不执行！******
2022-06-15 12:10:10,373 GMJK INFO run_case.py [97] +++++++++++++++++++++++++++++++++++++++++++++++++++++++++++++++++++
2022-06-15 12:10:10,373 GMJK INFO run_case.py [98] 执行用例：test_15-wjj-message-system-短信发送-code1117
2022-06-15 12:10:10,373 GMJK INFO run_case.py [103] ******跳过：run_flag为否，该条测试用例不执行！******
2022-06-15 12:10:10,404 GMJK INFO run_case.py [97] +++++++++++++++++++++++++++++++++++++++++++++++++++++++++++++++++++
2022-06-15 12:10:10,404 GMJK INFO run_case.py [98] 执行用例：test_16-wjj-message-system-短信发送-code1118
2022-06-15 12:10:10,404 GMJK INFO run_case.py [103] ******跳过：run_flag为否，该条测试用例不执行！******
2022-06-15 13:53:18,770 GMJK INFO excel_util.py [159] 读取excel数据进度（%）
2022-06-15 13:53:18,917 GMJK INFO run_case.py [97] +++++++++++++++++++++++++++++++++++++++++++++++++++++++++++++++++++
2022-06-15 13:53:18,917 GMJK INFO run_case.py [98] 执行用例：test_01-token-获取管家工作台登录token
2022-06-15 13:53:18,917 GMJK INFO run_case.py [169] 前置思考时间为空
2022-06-15 13:53:18,917 GMJK INFO run_case.py [182] 前置条件为空
2022-06-15 13:53:18,917 GMJK INFO run_case.py [195] 请求URL：https://gmjk-hcm-test.nhf.cn/api/gm-health-steward-platform/healthSteward/user/wjjGmOpenToken/login
2022-06-15 13:53:18,917 GMJK INFO run_case.py [115] 请求类型：post
2022-06-15 13:53:18,917 GMJK INFO run_case.py [229] 请求头：{'Content-Type': 'application/json'}
2022-06-15 13:53:18,918 GMJK INFO run_case.py [120] 请求参数类型：json
2022-06-15 13:53:18,918 GMJK INFO run_case.py [255] 请求参数：{'loginAccount': '17081990539', 'loginKey': '123456', 'loginType': '1', 'landingSource': 7}
2022-06-15 13:53:19,330 GMJK INFO run_case.py [138] 断言类型：包含
2022-06-15 13:53:19,331 GMJK INFO run_case.py [139] 断言规则：None
2022-06-15 13:53:19,331 GMJK INFO run_case.py [140] 期望响应结果："code":"1000","message":"接口调用成功"
2022-06-15 13:53:19,331 GMJK INFO run_case.py [141] 实际响应结果：{"code":"1000","message":"接口调用成功","data":{"id":153,"accountNo":"GM20181203173317001244","healthStewardName":"肖翠翠","phoneNo":"17081990539","post":1,"remark":"","isDefaultHealthButler":1,"status":1,"onlineState":20,"updateUser":null,"updateTime":"2022-06-15 12:09:52","roles":[{"roleCode":"HWR000000","roleName":"管理员"}],"consultationTypeConfigList":[1,2,3],"conversationState":10,"onlineStateDuration":null,"headImage":null,"textConsultCapacity":10,"token":null,"onlineStateStatisticsId":3991},"extendOne":null,"extendTwo":null,"extendThree":null,"success":true}
2022-06-15 13:53:19,331 GMJK INFO relation_extract_util.py [39] 提取响应头中token为：Bearer eyJhbGciOiJIUzUxMiJ9.eyJwaG9uZSI6IjE3MDgxOTkwNTM5IiwiZXhwVGltZSI6MjU5MjAwMDAwMCwiYWNjb3VudE5vIjoiR00yMDE4MTIwMzE3MzMxNzAwMTI0NCIsInJvbGVDb2RlIjoiSFdSMDAwMDAwIiwidGVuYW50SWQiOm51bGwsImVtcGxveWVlSWQiOm51bGwsInBsYXRUeXBlIjoiNyIsInVzZXJOYW1lIjoi6IKW57-g57-gIiwiZXhwIjoxNjU3ODY0Mzk5LCJ1c2VySWQiOjE1M30.qUGklnsqLNobKLwrdcq7xgOgb2PHLG84Zu9JiAu9dW6lbN5fmAi-VFkx6IBE2qReoZDAnxUrFjZWvU8iN2Q2zQ
2022-06-15 13:53:19,361 GMJK INFO run_case.py [97] +++++++++++++++++++++++++++++++++++++++++++++++++++++++++++++++++++
2022-06-15 13:53:19,361 GMJK INFO run_case.py [98] 执行用例：test_02-wjj-message-system-短信发送-code1104
2022-06-15 13:53:19,361 GMJK INFO run_case.py [164] 前置思考时间为：20秒
2022-06-15 13:53:39,389 GMJK INFO run_case.py [182] 前置条件为空
2022-06-15 13:53:39,389 GMJK INFO run_case.py [200] 请求URL：https://gmjk-hcm-uat.nhf.cn/api/wjj-message-system/message/msgSmsRecord/sendSmsForNotify
2022-06-15 13:53:39,390 GMJK INFO run_case.py [115] 请求类型：post
2022-06-15 13:53:39,390 GMJK INFO run_case.py [224] 请求头：{'Content-Type': 'application/json', 'token': 'Bearer eyJhbGciOiJIUzUxMiJ9.eyJwaG9uZSI6IjE3MDgxOTkwNTM5IiwiZXhwVGltZSI6MjU5MjAwMDAwMCwiYWNjb3VudE5vIjoiR00yMDE4MTIwMzE3MzMxNzAwMTI0NCIsInJvbGVDb2RlIjoiSFdSMDAwMDAwIiwidGVuYW50SWQiOm51bGwsImVtcGxveWVlSWQiOm51bGwsInBsYXRUeXBlIjoiNyIsInVzZXJOYW1lIjoi6IKW57-g57-gIiwiZXhwIjoxNjU3ODY0Mzk5LCJ1c2VySWQiOjE1M30.qUGklnsqLNobKLwrdcq7xgOgb2PHLG84Zu9JiAu9dW6lbN5fmAi-VFkx6IBE2qReoZDAnxUrFjZWvU8iN2Q2zQ'}
2022-06-15 13:53:39,390 GMJK INFO run_case.py [120] 请求参数类型：json
2022-06-15 13:53:39,390 GMJK INFO run_case.py [255] 请求参数：{'phoneNo': '19537630936', 'templateCode': 1104, 'extend': '测试'}
2022-06-15 13:53:39,952 GMJK INFO run_case.py [138] 断言类型：包含
2022-06-15 13:53:39,952 GMJK INFO run_case.py [139] 断言规则：None
2022-06-15 13:53:39,952 GMJK INFO run_case.py [140] 期望响应结果："code":"1000","message":"接口调用成功"
2022-06-15 13:53:39,952 GMJK INFO run_case.py [141] 实际响应结果：{"code":"1000","message":"接口调用成功","data":{"uniqueCode":119029},"extendOne":null,"extendTwo":null,"extendThree":null,"success":true}
2022-06-15 13:53:39,953 GMJK INFO run_case.py [319] 关联数据提取为空
2022-06-15 13:53:39,983 GMJK INFO run_case.py [97] +++++++++++++++++++++++++++++++++++++++++++++++++++++++++++++++++++
2022-06-15 13:53:39,983 GMJK INFO run_case.py [98] 执行用例：test_03-wjj-message-system-短信发送-code1105
2022-06-15 13:53:39,983 GMJK INFO run_case.py [103] ******跳过：run_flag为否，该条测试用例不执行！******
2022-06-15 13:53:40,018 GMJK INFO run_case.py [97] +++++++++++++++++++++++++++++++++++++++++++++++++++++++++++++++++++
2022-06-15 13:53:40,018 GMJK INFO run_case.py [98] 执行用例：test_04-wjj-message-system-短信发送-code1106
2022-06-15 13:53:40,018 GMJK INFO run_case.py [103] ******跳过：run_flag为否，该条测试用例不执行！******
2022-06-15 13:53:40,050 GMJK INFO run_case.py [97] +++++++++++++++++++++++++++++++++++++++++++++++++++++++++++++++++++
2022-06-15 13:53:40,050 GMJK INFO run_case.py [98] 执行用例：test_05-wjj-message-system-短信发送-code1107
2022-06-15 13:53:40,050 GMJK INFO run_case.py [103] ******跳过：run_flag为否，该条测试用例不执行！******
2022-06-15 13:53:40,080 GMJK INFO run_case.py [97] +++++++++++++++++++++++++++++++++++++++++++++++++++++++++++++++++++
2022-06-15 13:53:40,080 GMJK INFO run_case.py [98] 执行用例：test_06-wjj-message-system-短信发送-code1108
2022-06-15 13:53:40,080 GMJK INFO run_case.py [103] ******跳过：run_flag为否，该条测试用例不执行！******
2022-06-15 13:53:40,112 GMJK INFO run_case.py [97] +++++++++++++++++++++++++++++++++++++++++++++++++++++++++++++++++++
2022-06-15 13:53:40,112 GMJK INFO run_case.py [98] 执行用例：test_07-wjj-message-system-短信发送-code1109
2022-06-15 13:53:40,112 GMJK INFO run_case.py [103] ******跳过：run_flag为否，该条测试用例不执行！******
2022-06-15 13:53:40,144 GMJK INFO run_case.py [97] +++++++++++++++++++++++++++++++++++++++++++++++++++++++++++++++++++
2022-06-15 13:53:40,144 GMJK INFO run_case.py [98] 执行用例：test_08-wjj-message-system-短信发送-code1110
2022-06-15 13:53:40,144 GMJK INFO run_case.py [103] ******跳过：run_flag为否，该条测试用例不执行！******
2022-06-15 13:53:40,208 GMJK INFO run_case.py [97] +++++++++++++++++++++++++++++++++++++++++++++++++++++++++++++++++++
2022-06-15 13:53:40,209 GMJK INFO run_case.py [98] 执行用例：test_09-wjj-message-system-短信发送-code1111
2022-06-15 13:53:40,209 GMJK INFO run_case.py [103] ******跳过：run_flag为否，该条测试用例不执行！******
2022-06-15 13:53:40,245 GMJK INFO run_case.py [97] +++++++++++++++++++++++++++++++++++++++++++++++++++++++++++++++++++
2022-06-15 13:53:40,246 GMJK INFO run_case.py [98] 执行用例：test_10-wjj-message-system-短信发送-code1112
2022-06-15 13:53:40,246 GMJK INFO run_case.py [103] ******跳过：run_flag为否，该条测试用例不执行！******
2022-06-15 13:53:40,281 GMJK INFO run_case.py [97] +++++++++++++++++++++++++++++++++++++++++++++++++++++++++++++++++++
2022-06-15 13:53:40,281 GMJK INFO run_case.py [98] 执行用例：test_11-wjj-message-system-短信发送-code1113
2022-06-15 13:53:40,282 GMJK INFO run_case.py [103] ******跳过：run_flag为否，该条测试用例不执行！******
2022-06-15 13:53:40,325 GMJK INFO run_case.py [97] +++++++++++++++++++++++++++++++++++++++++++++++++++++++++++++++++++
2022-06-15 13:53:40,325 GMJK INFO run_case.py [98] 执行用例：test_12-wjj-message-system-短信发送-code1114
2022-06-15 13:53:40,325 GMJK INFO run_case.py [103] ******跳过：run_flag为否，该条测试用例不执行！******
2022-06-15 13:53:40,358 GMJK INFO run_case.py [97] +++++++++++++++++++++++++++++++++++++++++++++++++++++++++++++++++++
2022-06-15 13:53:40,358 GMJK INFO run_case.py [98] 执行用例：test_13-wjj-message-system-短信发送-code1115
2022-06-15 13:53:40,358 GMJK INFO run_case.py [103] ******跳过：run_flag为否，该条测试用例不执行！******
2022-06-15 13:53:40,392 GMJK INFO run_case.py [97] +++++++++++++++++++++++++++++++++++++++++++++++++++++++++++++++++++
2022-06-15 13:53:40,392 GMJK INFO run_case.py [98] 执行用例：test_14-wjj-message-system-短信发送-code1116
2022-06-15 13:53:40,392 GMJK INFO run_case.py [103] ******跳过：run_flag为否，该条测试用例不执行！******
2022-06-15 13:53:40,423 GMJK INFO run_case.py [97] +++++++++++++++++++++++++++++++++++++++++++++++++++++++++++++++++++
2022-06-15 13:53:40,423 GMJK INFO run_case.py [98] 执行用例：test_15-wjj-message-system-短信发送-code1117
2022-06-15 13:53:40,423 GMJK INFO run_case.py [103] ******跳过：run_flag为否，该条测试用例不执行！******
2022-06-15 13:53:40,457 GMJK INFO run_case.py [97] +++++++++++++++++++++++++++++++++++++++++++++++++++++++++++++++++++
2022-06-15 13:53:40,457 GMJK INFO run_case.py [98] 执行用例：test_16-wjj-message-system-短信发送-code1118
2022-06-15 13:53:40,457 GMJK INFO run_case.py [103] ******跳过：run_flag为否，该条测试用例不执行！******
